ARM GAS  C:\Users\Gabriel\AppData\Local\Temp\ccqiapua.s 			page 1


   1              		.syntax unified
   2              		.cpu cortex-m3
   3              		.fpu softvfp
   4              		.eabi_attribute 20, 1
   5              		.eabi_attribute 21, 1
   6              		.eabi_attribute 23, 3
   7              		.eabi_attribute 24, 1
   8              		.eabi_attribute 25, 1
   9              		.eabi_attribute 26, 1
  10              		.eabi_attribute 30, 1
  11              		.eabi_attribute 34, 1
  12              		.eabi_attribute 18, 4
  13              		.thumb
  14              		.syntax unified
  15              		.file	"main.c"
  16              		.text
  17              	.Ltext0:
  18              		.cfi_sections	.debug_frame
  19              		.section	.text.InterrumpISR,"ax",%progbits
  20              		.align	2
  21              		.global	InterrumpISR
  22              		.thumb
  23              		.thumb_func
  24              		.type	InterrumpISR, %function
  25              	InterrumpISR:
  26              	.LFB69:
  27              		.file 1 "main.c"
   1:main.c        **** //Incluir librerias
   2:main.c        **** #include "project.h"
   3:main.c        **** #include "LiquidCrystal_I2C.h"
   4:main.c        **** #include "stdio.h"
   5:main.c        **** #include <stdbool.h>
   6:main.c        **** 
   7:main.c        **** //Declarar variables
   8:main.c        **** volatile char dato; //Dato ingresado por coneccion bluetooth UART
   9:main.c        **** 
  10:main.c        **** // Variables para detectar flancos
  11:main.c        **** volatile bool adelantePresionado = false;
  12:main.c        **** volatile bool atrasPresionado = false;
  13:main.c        **** volatile bool derechaPresionado = false;
  14:main.c        **** volatile bool izquierdaPresionado = false;
  15:main.c        **** 
  16:main.c        **** //Funcion derecha
  17:main.c        **** void TurnRight() {
  18:main.c        ****     clear();
  19:main.c        ****     LCD_print("DERECHA");
  20:main.c        ****     setCursor(0, 1);
  21:main.c        ****     LCD_print("GRUPO 3 - 2023");
  22:main.c        ****     setCursor(0, 2);
  23:main.c        ****     M1_1_Write(0);
  24:main.c        ****     M1_2_Write(1);
  25:main.c        ****     PWM_Motores_WriteCompare1(200);
  26:main.c        ****     M2_1_Write(0);
  27:main.c        ****     M2_2_Write(1);
  28:main.c        ****     PWM_Motores_WriteCompare2(100);
  29:main.c        **** }
  30:main.c        **** 
ARM GAS  C:\Users\Gabriel\AppData\Local\Temp\ccqiapua.s 			page 2


  31:main.c        **** //Funcion izquierda
  32:main.c        **** void TurnLeft() {
  33:main.c        ****     clear();
  34:main.c        ****     LCD_print("IZQUIERDA");
  35:main.c        ****     setCursor(0, 1);
  36:main.c        ****     LCD_print("GRUPO 3 - 2023");
  37:main.c        ****     setCursor(0, 2);
  38:main.c        ****     M1_1_Write(1);
  39:main.c        ****     M1_2_Write(0);
  40:main.c        ****     PWM_Motores_WriteCompare1(105);
  41:main.c        ****     M2_1_Write(1);
  42:main.c        ****     M2_2_Write(0);
  43:main.c        ****     PWM_Motores_WriteCompare2(255);
  44:main.c        **** }
  45:main.c        **** 
  46:main.c        **** //Funcion adelante
  47:main.c        **** void Forward() {
  48:main.c        ****     clear();
  49:main.c        ****     LCD_print("ADELANTE");
  50:main.c        ****     setCursor(0, 1);
  51:main.c        ****     LCD_print("GRUPO 3 - 2023");
  52:main.c        ****     setCursor(0, 2);
  53:main.c        ****     M1_1_Write(1);
  54:main.c        ****     M1_2_Write(0);
  55:main.c        ****     PWM_Motores_WriteCompare1(255);
  56:main.c        ****     M2_1_Write(1);
  57:main.c        ****     M2_2_Write(0);
  58:main.c        ****     PWM_Motores_WriteCompare2(255);
  59:main.c        **** }
  60:main.c        **** 
  61:main.c        **** //Funcion atras
  62:main.c        **** void Back() {
  63:main.c        ****     clear();
  64:main.c        ****     LCD_print("ATRAS");
  65:main.c        ****     setCursor(0, 1);
  66:main.c        ****     LCD_print("GRUPO 3 - 2023");
  67:main.c        ****     setCursor(0, 2);
  68:main.c        ****     M1_1_Write(0);
  69:main.c        ****     M1_2_Write(1);
  70:main.c        ****     PWM_Motores_WriteCompare1(105);
  71:main.c        ****     M2_1_Write(0);
  72:main.c        ****     M2_2_Write(1);
  73:main.c        ****     PWM_Motores_WriteCompare2(105);
  74:main.c        **** }
  75:main.c        **** 
  76:main.c        **** //Funcion Detener
  77:main.c        **** void Detener() {
  78:main.c        ****     clear();
  79:main.c        ****     LCD_print("DIGITALES II");
  80:main.c        ****     setCursor(0, 1);
  81:main.c        ****     LCD_print("GRUPO 3 - 2023");
  82:main.c        ****     setCursor(0, 2);
  83:main.c        ****     M1_1_Write(0);
  84:main.c        ****     M1_2_Write(0);
  85:main.c        ****     PWM_Motores_WriteCompare1(0);
  86:main.c        ****     M2_1_Write(0);
  87:main.c        ****     M2_2_Write(0);
ARM GAS  C:\Users\Gabriel\AppData\Local\Temp\ccqiapua.s 			page 3


  88:main.c        ****     PWM_Motores_WriteCompare2(0);
  89:main.c        **** }
  90:main.c        **** 
  91:main.c        **** CY_ISR(InterrumpISR) {
  28              		.loc 1 91 0
  29              		.cfi_startproc
  30              		@ args = 0, pretend = 0, frame = 0
  31              		@ frame_needed = 0, uses_anonymous_args = 0
  32 0000 08B5     		push	{r3, lr}
  33              		.cfi_def_cfa_offset 8
  34              		.cfi_offset 3, -8
  35              		.cfi_offset 14, -4
  92:main.c        ****     dato = UART_GetChar(); // Recibe el dato del bluetooth
  36              		.loc 1 92 0
  37 0002 FFF7FEFF 		bl	UART_GetChar
  38              	.LVL0:
  39 0006 0D4B     		ldr	r3, .L9
  40 0008 1870     		strb	r0, [r3]
  93:main.c        ****     //Switchea el dato segun el siguiente criterio
  94:main.c        ****     switch (dato) {
  41              		.loc 1 94 0
  42 000a 1B78     		ldrb	r3, [r3]	@ zero_extendqisi2
  43 000c 303B     		subs	r3, r3, #48
  44 000e 032B     		cmp	r3, #3
  45 0010 12D8     		bhi	.L1
  46 0012 DFE803F0 		tbb	[pc, r3]
  47              	.L4:
  48 0016 02       		.byte	(.L3-.L4)/2
  49 0017 06       		.byte	(.L5-.L4)/2
  50 0018 0A       		.byte	(.L6-.L4)/2
  51 0019 0E       		.byte	(.L7-.L4)/2
  52              		.p2align 1
  53              	.L3:
  95:main.c        ****         case '0': //Adelante
  96:main.c        ****             adelantePresionado = true;
  54              		.loc 1 96 0
  55 001a 0122     		movs	r2, #1
  56 001c 084B     		ldr	r3, .L9+4
  57 001e 1A70     		strb	r2, [r3]
  97:main.c        ****             break;
  58              		.loc 1 97 0
  59 0020 08BD     		pop	{r3, pc}
  60              	.L5:
  98:main.c        ****         case '1': //Atras
  99:main.c        ****             atrasPresionado = true;
  61              		.loc 1 99 0
  62 0022 0122     		movs	r2, #1
  63 0024 064B     		ldr	r3, .L9+4
  64 0026 5A70     		strb	r2, [r3, #1]
 100:main.c        ****             break;
  65              		.loc 1 100 0
  66 0028 08BD     		pop	{r3, pc}
  67              	.L6:
 101:main.c        ****         case '2': //Giro a la derecha
 102:main.c        ****             derechaPresionado = true;
  68              		.loc 1 102 0
  69 002a 0122     		movs	r2, #1
ARM GAS  C:\Users\Gabriel\AppData\Local\Temp\ccqiapua.s 			page 4


  70 002c 044B     		ldr	r3, .L9+4
  71 002e 9A70     		strb	r2, [r3, #2]
 103:main.c        ****             break;
  72              		.loc 1 103 0
  73 0030 08BD     		pop	{r3, pc}
  74              	.L7:
 104:main.c        ****         case '3': //Giro a la Izquierda
 105:main.c        ****             izquierdaPresionado = true;
  75              		.loc 1 105 0
  76 0032 0122     		movs	r2, #1
  77 0034 024B     		ldr	r3, .L9+4
  78 0036 DA70     		strb	r2, [r3, #3]
  79              	.L1:
  80 0038 08BD     		pop	{r3, pc}
  81              	.L10:
  82 003a 00BF     		.align	2
  83              	.L9:
  84 003c 00000000 		.word	dato
  85 0040 00000000 		.word	.LANCHOR0
  86              		.cfi_endproc
  87              	.LFE69:
  88              		.size	InterrumpISR, .-InterrumpISR
  89              		.section	.text.TurnRight,"ax",%progbits
  90              		.align	2
  91              		.global	TurnRight
  92              		.thumb
  93              		.thumb_func
  94              		.type	TurnRight, %function
  95              	TurnRight:
  96              	.LFB64:
  17:main.c        ****     clear();
  97              		.loc 1 17 0
  98              		.cfi_startproc
  99              		@ args = 0, pretend = 0, frame = 0
 100              		@ frame_needed = 0, uses_anonymous_args = 0
 101 0000 08B5     		push	{r3, lr}
 102              		.cfi_def_cfa_offset 8
 103              		.cfi_offset 3, -8
 104              		.cfi_offset 14, -4
  18:main.c        ****     LCD_print("DERECHA");
 105              		.loc 1 18 0
 106 0002 FFF7FEFF 		bl	clear
 107              	.LVL1:
  19:main.c        ****     setCursor(0, 1);
 108              		.loc 1 19 0
 109 0006 1048     		ldr	r0, .L13
 110 0008 FFF7FEFF 		bl	LCD_print
 111              	.LVL2:
  20:main.c        ****     LCD_print("GRUPO 3 - 2023");
 112              		.loc 1 20 0
 113 000c 0121     		movs	r1, #1
 114 000e 0020     		movs	r0, #0
 115 0010 FFF7FEFF 		bl	setCursor
 116              	.LVL3:
  21:main.c        ****     setCursor(0, 2);
 117              		.loc 1 21 0
 118 0014 0D48     		ldr	r0, .L13+4
ARM GAS  C:\Users\Gabriel\AppData\Local\Temp\ccqiapua.s 			page 5


 119 0016 FFF7FEFF 		bl	LCD_print
 120              	.LVL4:
  22:main.c        ****     M1_1_Write(0);
 121              		.loc 1 22 0
 122 001a 0221     		movs	r1, #2
 123 001c 0020     		movs	r0, #0
 124 001e FFF7FEFF 		bl	setCursor
 125              	.LVL5:
  23:main.c        ****     M1_2_Write(1);
 126              		.loc 1 23 0
 127 0022 0020     		movs	r0, #0
 128 0024 FFF7FEFF 		bl	M1_1_Write
 129              	.LVL6:
  24:main.c        ****     PWM_Motores_WriteCompare1(200);
 130              		.loc 1 24 0
 131 0028 0120     		movs	r0, #1
 132 002a FFF7FEFF 		bl	M1_2_Write
 133              	.LVL7:
  25:main.c        ****     M2_1_Write(0);
 134              		.loc 1 25 0
 135 002e C820     		movs	r0, #200
 136 0030 FFF7FEFF 		bl	PWM_Motores_WriteCompare1
 137              	.LVL8:
  26:main.c        ****     M2_2_Write(1);
 138              		.loc 1 26 0
 139 0034 0020     		movs	r0, #0
 140 0036 FFF7FEFF 		bl	M2_1_Write
 141              	.LVL9:
  27:main.c        ****     PWM_Motores_WriteCompare2(100);
 142              		.loc 1 27 0
 143 003a 0120     		movs	r0, #1
 144 003c FFF7FEFF 		bl	M2_2_Write
 145              	.LVL10:
  28:main.c        **** }
 146              		.loc 1 28 0
 147 0040 6420     		movs	r0, #100
 148 0042 FFF7FEFF 		bl	PWM_Motores_WriteCompare2
 149              	.LVL11:
 150 0046 08BD     		pop	{r3, pc}
 151              	.L14:
 152              		.align	2
 153              	.L13:
 154 0048 00000000 		.word	.LC0
 155 004c 08000000 		.word	.LC1
 156              		.cfi_endproc
 157              	.LFE64:
 158              		.size	TurnRight, .-TurnRight
 159              		.section	.text.TurnLeft,"ax",%progbits
 160              		.align	2
 161              		.global	TurnLeft
 162              		.thumb
 163              		.thumb_func
 164              		.type	TurnLeft, %function
 165              	TurnLeft:
 166              	.LFB65:
  32:main.c        ****     clear();
 167              		.loc 1 32 0
ARM GAS  C:\Users\Gabriel\AppData\Local\Temp\ccqiapua.s 			page 6


 168              		.cfi_startproc
 169              		@ args = 0, pretend = 0, frame = 0
 170              		@ frame_needed = 0, uses_anonymous_args = 0
 171 0000 08B5     		push	{r3, lr}
 172              		.cfi_def_cfa_offset 8
 173              		.cfi_offset 3, -8
 174              		.cfi_offset 14, -4
  33:main.c        ****     LCD_print("IZQUIERDA");
 175              		.loc 1 33 0
 176 0002 FFF7FEFF 		bl	clear
 177              	.LVL12:
  34:main.c        ****     setCursor(0, 1);
 178              		.loc 1 34 0
 179 0006 1048     		ldr	r0, .L17
 180 0008 FFF7FEFF 		bl	LCD_print
 181              	.LVL13:
  35:main.c        ****     LCD_print("GRUPO 3 - 2023");
 182              		.loc 1 35 0
 183 000c 0121     		movs	r1, #1
 184 000e 0020     		movs	r0, #0
 185 0010 FFF7FEFF 		bl	setCursor
 186              	.LVL14:
  36:main.c        ****     setCursor(0, 2);
 187              		.loc 1 36 0
 188 0014 0D48     		ldr	r0, .L17+4
 189 0016 FFF7FEFF 		bl	LCD_print
 190              	.LVL15:
  37:main.c        ****     M1_1_Write(1);
 191              		.loc 1 37 0
 192 001a 0221     		movs	r1, #2
 193 001c 0020     		movs	r0, #0
 194 001e FFF7FEFF 		bl	setCursor
 195              	.LVL16:
  38:main.c        ****     M1_2_Write(0);
 196              		.loc 1 38 0
 197 0022 0120     		movs	r0, #1
 198 0024 FFF7FEFF 		bl	M1_1_Write
 199              	.LVL17:
  39:main.c        ****     PWM_Motores_WriteCompare1(105);
 200              		.loc 1 39 0
 201 0028 0020     		movs	r0, #0
 202 002a FFF7FEFF 		bl	M1_2_Write
 203              	.LVL18:
  40:main.c        ****     M2_1_Write(1);
 204              		.loc 1 40 0
 205 002e 6920     		movs	r0, #105
 206 0030 FFF7FEFF 		bl	PWM_Motores_WriteCompare1
 207              	.LVL19:
  41:main.c        ****     M2_2_Write(0);
 208              		.loc 1 41 0
 209 0034 0120     		movs	r0, #1
 210 0036 FFF7FEFF 		bl	M2_1_Write
 211              	.LVL20:
  42:main.c        ****     PWM_Motores_WriteCompare2(255);
 212              		.loc 1 42 0
 213 003a 0020     		movs	r0, #0
 214 003c FFF7FEFF 		bl	M2_2_Write
ARM GAS  C:\Users\Gabriel\AppData\Local\Temp\ccqiapua.s 			page 7


 215              	.LVL21:
  43:main.c        **** }
 216              		.loc 1 43 0
 217 0040 FF20     		movs	r0, #255
 218 0042 FFF7FEFF 		bl	PWM_Motores_WriteCompare2
 219              	.LVL22:
 220 0046 08BD     		pop	{r3, pc}
 221              	.L18:
 222              		.align	2
 223              	.L17:
 224 0048 18000000 		.word	.LC2
 225 004c 08000000 		.word	.LC1
 226              		.cfi_endproc
 227              	.LFE65:
 228              		.size	TurnLeft, .-TurnLeft
 229              		.section	.text.Forward,"ax",%progbits
 230              		.align	2
 231              		.global	Forward
 232              		.thumb
 233              		.thumb_func
 234              		.type	Forward, %function
 235              	Forward:
 236              	.LFB66:
  47:main.c        ****     clear();
 237              		.loc 1 47 0
 238              		.cfi_startproc
 239              		@ args = 0, pretend = 0, frame = 0
 240              		@ frame_needed = 0, uses_anonymous_args = 0
 241 0000 08B5     		push	{r3, lr}
 242              		.cfi_def_cfa_offset 8
 243              		.cfi_offset 3, -8
 244              		.cfi_offset 14, -4
  48:main.c        ****     LCD_print("ADELANTE");
 245              		.loc 1 48 0
 246 0002 FFF7FEFF 		bl	clear
 247              	.LVL23:
  49:main.c        ****     setCursor(0, 1);
 248              		.loc 1 49 0
 249 0006 1048     		ldr	r0, .L21
 250 0008 FFF7FEFF 		bl	LCD_print
 251              	.LVL24:
  50:main.c        ****     LCD_print("GRUPO 3 - 2023");
 252              		.loc 1 50 0
 253 000c 0121     		movs	r1, #1
 254 000e 0020     		movs	r0, #0
 255 0010 FFF7FEFF 		bl	setCursor
 256              	.LVL25:
  51:main.c        ****     setCursor(0, 2);
 257              		.loc 1 51 0
 258 0014 0D48     		ldr	r0, .L21+4
 259 0016 FFF7FEFF 		bl	LCD_print
 260              	.LVL26:
  52:main.c        ****     M1_1_Write(1);
 261              		.loc 1 52 0
 262 001a 0221     		movs	r1, #2
 263 001c 0020     		movs	r0, #0
 264 001e FFF7FEFF 		bl	setCursor
ARM GAS  C:\Users\Gabriel\AppData\Local\Temp\ccqiapua.s 			page 8


 265              	.LVL27:
  53:main.c        ****     M1_2_Write(0);
 266              		.loc 1 53 0
 267 0022 0120     		movs	r0, #1
 268 0024 FFF7FEFF 		bl	M1_1_Write
 269              	.LVL28:
  54:main.c        ****     PWM_Motores_WriteCompare1(255);
 270              		.loc 1 54 0
 271 0028 0020     		movs	r0, #0
 272 002a FFF7FEFF 		bl	M1_2_Write
 273              	.LVL29:
  55:main.c        ****     M2_1_Write(1);
 274              		.loc 1 55 0
 275 002e FF20     		movs	r0, #255
 276 0030 FFF7FEFF 		bl	PWM_Motores_WriteCompare1
 277              	.LVL30:
  56:main.c        ****     M2_2_Write(0);
 278              		.loc 1 56 0
 279 0034 0120     		movs	r0, #1
 280 0036 FFF7FEFF 		bl	M2_1_Write
 281              	.LVL31:
  57:main.c        ****     PWM_Motores_WriteCompare2(255);
 282              		.loc 1 57 0
 283 003a 0020     		movs	r0, #0
 284 003c FFF7FEFF 		bl	M2_2_Write
 285              	.LVL32:
  58:main.c        **** }
 286              		.loc 1 58 0
 287 0040 FF20     		movs	r0, #255
 288 0042 FFF7FEFF 		bl	PWM_Motores_WriteCompare2
 289              	.LVL33:
 290 0046 08BD     		pop	{r3, pc}
 291              	.L22:
 292              		.align	2
 293              	.L21:
 294 0048 24000000 		.word	.LC3
 295 004c 08000000 		.word	.LC1
 296              		.cfi_endproc
 297              	.LFE66:
 298              		.size	Forward, .-Forward
 299              		.section	.text.Back,"ax",%progbits
 300              		.align	2
 301              		.global	Back
 302              		.thumb
 303              		.thumb_func
 304              		.type	Back, %function
 305              	Back:
 306              	.LFB67:
  62:main.c        ****     clear();
 307              		.loc 1 62 0
 308              		.cfi_startproc
 309              		@ args = 0, pretend = 0, frame = 0
 310              		@ frame_needed = 0, uses_anonymous_args = 0
 311 0000 08B5     		push	{r3, lr}
 312              		.cfi_def_cfa_offset 8
 313              		.cfi_offset 3, -8
 314              		.cfi_offset 14, -4
ARM GAS  C:\Users\Gabriel\AppData\Local\Temp\ccqiapua.s 			page 9


  63:main.c        ****     LCD_print("ATRAS");
 315              		.loc 1 63 0
 316 0002 FFF7FEFF 		bl	clear
 317              	.LVL34:
  64:main.c        ****     setCursor(0, 1);
 318              		.loc 1 64 0
 319 0006 1048     		ldr	r0, .L25
 320 0008 FFF7FEFF 		bl	LCD_print
 321              	.LVL35:
  65:main.c        ****     LCD_print("GRUPO 3 - 2023");
 322              		.loc 1 65 0
 323 000c 0121     		movs	r1, #1
 324 000e 0020     		movs	r0, #0
 325 0010 FFF7FEFF 		bl	setCursor
 326              	.LVL36:
  66:main.c        ****     setCursor(0, 2);
 327              		.loc 1 66 0
 328 0014 0D48     		ldr	r0, .L25+4
 329 0016 FFF7FEFF 		bl	LCD_print
 330              	.LVL37:
  67:main.c        ****     M1_1_Write(0);
 331              		.loc 1 67 0
 332 001a 0221     		movs	r1, #2
 333 001c 0020     		movs	r0, #0
 334 001e FFF7FEFF 		bl	setCursor
 335              	.LVL38:
  68:main.c        ****     M1_2_Write(1);
 336              		.loc 1 68 0
 337 0022 0020     		movs	r0, #0
 338 0024 FFF7FEFF 		bl	M1_1_Write
 339              	.LVL39:
  69:main.c        ****     PWM_Motores_WriteCompare1(105);
 340              		.loc 1 69 0
 341 0028 0120     		movs	r0, #1
 342 002a FFF7FEFF 		bl	M1_2_Write
 343              	.LVL40:
  70:main.c        ****     M2_1_Write(0);
 344              		.loc 1 70 0
 345 002e 6920     		movs	r0, #105
 346 0030 FFF7FEFF 		bl	PWM_Motores_WriteCompare1
 347              	.LVL41:
  71:main.c        ****     M2_2_Write(1);
 348              		.loc 1 71 0
 349 0034 0020     		movs	r0, #0
 350 0036 FFF7FEFF 		bl	M2_1_Write
 351              	.LVL42:
  72:main.c        ****     PWM_Motores_WriteCompare2(105);
 352              		.loc 1 72 0
 353 003a 0120     		movs	r0, #1
 354 003c FFF7FEFF 		bl	M2_2_Write
 355              	.LVL43:
  73:main.c        **** }
 356              		.loc 1 73 0
 357 0040 6920     		movs	r0, #105
 358 0042 FFF7FEFF 		bl	PWM_Motores_WriteCompare2
 359              	.LVL44:
 360 0046 08BD     		pop	{r3, pc}
ARM GAS  C:\Users\Gabriel\AppData\Local\Temp\ccqiapua.s 			page 10


 361              	.L26:
 362              		.align	2
 363              	.L25:
 364 0048 30000000 		.word	.LC4
 365 004c 08000000 		.word	.LC1
 366              		.cfi_endproc
 367              	.LFE67:
 368              		.size	Back, .-Back
 369              		.section	.text.Detener,"ax",%progbits
 370              		.align	2
 371              		.global	Detener
 372              		.thumb
 373              		.thumb_func
 374              		.type	Detener, %function
 375              	Detener:
 376              	.LFB68:
  77:main.c        ****     clear();
 377              		.loc 1 77 0
 378              		.cfi_startproc
 379              		@ args = 0, pretend = 0, frame = 0
 380              		@ frame_needed = 0, uses_anonymous_args = 0
 381 0000 08B5     		push	{r3, lr}
 382              		.cfi_def_cfa_offset 8
 383              		.cfi_offset 3, -8
 384              		.cfi_offset 14, -4
  78:main.c        ****     LCD_print("DIGITALES II");
 385              		.loc 1 78 0
 386 0002 FFF7FEFF 		bl	clear
 387              	.LVL45:
  79:main.c        ****     setCursor(0, 1);
 388              		.loc 1 79 0
 389 0006 1048     		ldr	r0, .L29
 390 0008 FFF7FEFF 		bl	LCD_print
 391              	.LVL46:
  80:main.c        ****     LCD_print("GRUPO 3 - 2023");
 392              		.loc 1 80 0
 393 000c 0121     		movs	r1, #1
 394 000e 0020     		movs	r0, #0
 395 0010 FFF7FEFF 		bl	setCursor
 396              	.LVL47:
  81:main.c        ****     setCursor(0, 2);
 397              		.loc 1 81 0
 398 0014 0D48     		ldr	r0, .L29+4
 399 0016 FFF7FEFF 		bl	LCD_print
 400              	.LVL48:
  82:main.c        ****     M1_1_Write(0);
 401              		.loc 1 82 0
 402 001a 0221     		movs	r1, #2
 403 001c 0020     		movs	r0, #0
 404 001e FFF7FEFF 		bl	setCursor
 405              	.LVL49:
  83:main.c        ****     M1_2_Write(0);
 406              		.loc 1 83 0
 407 0022 0020     		movs	r0, #0
 408 0024 FFF7FEFF 		bl	M1_1_Write
 409              	.LVL50:
  84:main.c        ****     PWM_Motores_WriteCompare1(0);
ARM GAS  C:\Users\Gabriel\AppData\Local\Temp\ccqiapua.s 			page 11


 410              		.loc 1 84 0
 411 0028 0020     		movs	r0, #0
 412 002a FFF7FEFF 		bl	M1_2_Write
 413              	.LVL51:
  85:main.c        ****     M2_1_Write(0);
 414              		.loc 1 85 0
 415 002e 0020     		movs	r0, #0
 416 0030 FFF7FEFF 		bl	PWM_Motores_WriteCompare1
 417              	.LVL52:
  86:main.c        ****     M2_2_Write(0);
 418              		.loc 1 86 0
 419 0034 0020     		movs	r0, #0
 420 0036 FFF7FEFF 		bl	M2_1_Write
 421              	.LVL53:
  87:main.c        ****     PWM_Motores_WriteCompare2(0);
 422              		.loc 1 87 0
 423 003a 0020     		movs	r0, #0
 424 003c FFF7FEFF 		bl	M2_2_Write
 425              	.LVL54:
  88:main.c        **** }
 426              		.loc 1 88 0
 427 0040 0020     		movs	r0, #0
 428 0042 FFF7FEFF 		bl	PWM_Motores_WriteCompare2
 429              	.LVL55:
 430 0046 08BD     		pop	{r3, pc}
 431              	.L30:
 432              		.align	2
 433              	.L29:
 434 0048 38000000 		.word	.LC5
 435 004c 08000000 		.word	.LC1
 436              		.cfi_endproc
 437              	.LFE68:
 438              		.size	Detener, .-Detener
 439              		.section	.text.main,"ax",%progbits
 440              		.align	2
 441              		.global	main
 442              		.thumb
 443              		.thumb_func
 444              		.type	main, %function
 445              	main:
 446              	.LFB70:
 106:main.c        ****             break;
 107:main.c        ****         default:
 108:main.c        ****             break;
 109:main.c        ****     }
 110:main.c        **** }
 111:main.c        **** 
 112:main.c        **** int main(void) {
 447              		.loc 1 112 0
 448              		.cfi_startproc
 449              		@ Volatile: function does not return.
 450              		@ args = 0, pretend = 0, frame = 0
 451              		@ frame_needed = 0, uses_anonymous_args = 0
 452 0000 08B5     		push	{r3, lr}
 453              		.cfi_def_cfa_offset 8
 454              		.cfi_offset 3, -8
 455              		.cfi_offset 14, -4
ARM GAS  C:\Users\Gabriel\AppData\Local\Temp\ccqiapua.s 			page 12


 113:main.c        ****     CyGlobalIntEnable;
 456              		.loc 1 113 0
 457              		.syntax unified
 458              	@ 113 "main.c" 1
 459 0002 62B6     		CPSIE   i
 460              	@ 0 "" 2
 114:main.c        ****     
 115:main.c        ****     PWM_Motores_Start(); //Incializar PWM
 461              		.loc 1 115 0
 462              		.thumb
 463              		.syntax unified
 464 0004 FFF7FEFF 		bl	PWM_Motores_Start
 465              	.LVL56:
 116:main.c        ****     PWM_Motores_WriteCompare1(0);
 466              		.loc 1 116 0
 467 0008 0020     		movs	r0, #0
 468 000a FFF7FEFF 		bl	PWM_Motores_WriteCompare1
 469              	.LVL57:
 117:main.c        ****     PWM_Motores_WriteCompare2(0);
 470              		.loc 1 117 0
 471 000e 0020     		movs	r0, #0
 472 0010 FFF7FEFF 		bl	PWM_Motores_WriteCompare2
 473              	.LVL58:
 118:main.c        ****     M1_1_Write(0); //Motor 1 estado inicial: apagado
 474              		.loc 1 118 0
 475 0014 0020     		movs	r0, #0
 476 0016 FFF7FEFF 		bl	M1_1_Write
 477              	.LVL59:
 119:main.c        ****     M1_2_Write(0);
 478              		.loc 1 119 0
 479 001a 0020     		movs	r0, #0
 480 001c FFF7FEFF 		bl	M1_2_Write
 481              	.LVL60:
 120:main.c        ****     M2_1_Write(0); //Motor 2 estado inicial: apagado
 482              		.loc 1 120 0
 483 0020 0020     		movs	r0, #0
 484 0022 FFF7FEFF 		bl	M2_1_Write
 485              	.LVL61:
 121:main.c        ****     M2_2_Write(0);
 486              		.loc 1 121 0
 487 0026 0020     		movs	r0, #0
 488 0028 FFF7FEFF 		bl	M2_2_Write
 489              	.LVL62:
 122:main.c        ****     
 123:main.c        ****     UART_Start(); //Inicializar UART
 490              		.loc 1 123 0
 491 002c FFF7FEFF 		bl	UART_Start
 492              	.LVL63:
 124:main.c        ****     I2C_Start(); //Inicializar I2C
 493              		.loc 1 124 0
 494 0030 FFF7FEFF 		bl	I2C_Start
 495              	.LVL64:
 125:main.c        ****     LiquidCrystal_I2C_init(0x27,16,2,0); //Inicializar LCD
 496              		.loc 1 125 0
 497 0034 0023     		movs	r3, #0
 498 0036 0222     		movs	r2, #2
 499 0038 1021     		movs	r1, #16
ARM GAS  C:\Users\Gabriel\AppData\Local\Temp\ccqiapua.s 			page 13


 500 003a 2720     		movs	r0, #39
 501 003c FFF7FEFF 		bl	LiquidCrystal_I2C_init
 502              	.LVL65:
 126:main.c        ****     begin();
 503              		.loc 1 126 0
 504 0040 FFF7FEFF 		bl	begin
 505              	.LVL66:
 127:main.c        **** 
 128:main.c        ****     RXisr_StartEx(InterrumpISR);
 506              		.loc 1 128 0
 507 0044 2248     		ldr	r0, .L42
 508 0046 FFF7FEFF 		bl	RXisr_StartEx
 509              	.LVL67:
 129:main.c        ****     
 130:main.c        ****     //Mostrar mensaje por LCD
 131:main.c        ****     LCD_print("DIGITALES II");
 510              		.loc 1 131 0
 511 004a 2248     		ldr	r0, .L42+4
 512 004c FFF7FEFF 		bl	LCD_print
 513              	.LVL68:
 132:main.c        ****     setCursor(0, 1);
 514              		.loc 1 132 0
 515 0050 0121     		movs	r1, #1
 516 0052 0020     		movs	r0, #0
 517 0054 FFF7FEFF 		bl	setCursor
 518              	.LVL69:
 133:main.c        ****     LCD_print("GRUPO 3 - 2023");
 519              		.loc 1 133 0
 520 0058 1F48     		ldr	r0, .L42+8
 521 005a FFF7FEFF 		bl	LCD_print
 522              	.LVL70:
 134:main.c        ****     setCursor(0, 2);
 523              		.loc 1 134 0
 524 005e 0221     		movs	r1, #2
 525 0060 0020     		movs	r0, #0
 526 0062 FFF7FEFF 		bl	setCursor
 527              	.LVL71:
 528              	.L32:
 135:main.c        **** 
 136:main.c        ****     for (;;) {
 137:main.c        ****     // Verificar si se ha presionado adelante
 138:main.c        ****     if (adelantePresionado) {
 529              		.loc 1 138 0
 530 0066 1D4B     		ldr	r3, .L42+12
 531 0068 1B78     		ldrb	r3, [r3]	@ zero_extendqisi2
 532 006a 13F0FF0F 		tst	r3, #255
 533 006e 05D0     		beq	.L33
 139:main.c        ****         adelantePresionado = false; // Reiniciar la bandera
 534              		.loc 1 139 0
 535 0070 0022     		movs	r2, #0
 536 0072 1A4B     		ldr	r3, .L42+12
 537 0074 1A70     		strb	r2, [r3]
 140:main.c        **** 
 141:main.c        ****         // Comenzar a avanzar
 142:main.c        ****         Forward();
 538              		.loc 1 142 0
 539 0076 FFF7FEFF 		bl	Forward
ARM GAS  C:\Users\Gabriel\AppData\Local\Temp\ccqiapua.s 			page 14


 540              	.LVL72:
 541 007a 01E0     		b	.L34
 542              	.L33:
 143:main.c        ****     }else{
 144:main.c        ****         Detener();
 543              		.loc 1 144 0
 544 007c FFF7FEFF 		bl	Detener
 545              	.LVL73:
 546              	.L34:
 145:main.c        ****     }
 146:main.c        **** 
 147:main.c        ****     // Verificar si se ha presionado atrás
 148:main.c        ****     if (atrasPresionado) {
 547              		.loc 1 148 0
 548 0080 164B     		ldr	r3, .L42+12
 549 0082 5B78     		ldrb	r3, [r3, #1]	@ zero_extendqisi2
 550 0084 13F0FF0F 		tst	r3, #255
 551 0088 05D0     		beq	.L35
 149:main.c        ****         atrasPresionado = false; // Reiniciar la bandera
 552              		.loc 1 149 0
 553 008a 0022     		movs	r2, #0
 554 008c 134B     		ldr	r3, .L42+12
 555 008e 5A70     		strb	r2, [r3, #1]
 150:main.c        **** 
 151:main.c        ****         // Comenzar a retroceder
 152:main.c        ****         Back();
 556              		.loc 1 152 0
 557 0090 FFF7FEFF 		bl	Back
 558              	.LVL74:
 559 0094 01E0     		b	.L36
 560              	.L35:
 153:main.c        ****     }else{
 154:main.c        ****         Detener();
 561              		.loc 1 154 0
 562 0096 FFF7FEFF 		bl	Detener
 563              	.LVL75:
 564              	.L36:
 155:main.c        ****     }
 156:main.c        **** 
 157:main.c        ****     // Verificar si se ha presionado derecha
 158:main.c        ****     if (derechaPresionado) {
 565              		.loc 1 158 0
 566 009a 104B     		ldr	r3, .L42+12
 567 009c 9B78     		ldrb	r3, [r3, #2]	@ zero_extendqisi2
 568 009e 13F0FF0F 		tst	r3, #255
 569 00a2 05D0     		beq	.L37
 159:main.c        ****         derechaPresionado = false; // Reiniciar la bandera
 570              		.loc 1 159 0
 571 00a4 0022     		movs	r2, #0
 572 00a6 0D4B     		ldr	r3, .L42+12
 573 00a8 9A70     		strb	r2, [r3, #2]
 160:main.c        **** 
 161:main.c        ****         // Girar a la derecha
 162:main.c        ****         TurnRight();
 574              		.loc 1 162 0
 575 00aa FFF7FEFF 		bl	TurnRight
 576              	.LVL76:
ARM GAS  C:\Users\Gabriel\AppData\Local\Temp\ccqiapua.s 			page 15


 577 00ae 01E0     		b	.L38
 578              	.L37:
 163:main.c        ****     }else{
 164:main.c        ****         Detener();
 579              		.loc 1 164 0
 580 00b0 FFF7FEFF 		bl	Detener
 581              	.LVL77:
 582              	.L38:
 165:main.c        ****     }
 166:main.c        **** 
 167:main.c        ****     // Verificar si se ha presionado izquierda
 168:main.c        ****     if (izquierdaPresionado) {
 583              		.loc 1 168 0
 584 00b4 094B     		ldr	r3, .L42+12
 585 00b6 DB78     		ldrb	r3, [r3, #3]	@ zero_extendqisi2
 586 00b8 13F0FF0F 		tst	r3, #255
 587 00bc 05D0     		beq	.L39
 169:main.c        ****         izquierdaPresionado = false; // Reiniciar la bandera
 588              		.loc 1 169 0
 589 00be 0022     		movs	r2, #0
 590 00c0 064B     		ldr	r3, .L42+12
 591 00c2 DA70     		strb	r2, [r3, #3]
 170:main.c        **** 
 171:main.c        ****         // Girar a la izquierda
 172:main.c        ****         TurnLeft();
 592              		.loc 1 172 0
 593 00c4 FFF7FEFF 		bl	TurnLeft
 594              	.LVL78:
 595 00c8 CDE7     		b	.L32
 596              	.L39:
 173:main.c        ****     }else{
 174:main.c        ****         Detener();
 597              		.loc 1 174 0
 598 00ca FFF7FEFF 		bl	Detener
 599              	.LVL79:
 600 00ce CAE7     		b	.L32
 601              	.L43:
 602              		.align	2
 603              	.L42:
 604 00d0 00000000 		.word	InterrumpISR
 605 00d4 38000000 		.word	.LC5
 606 00d8 08000000 		.word	.LC1
 607 00dc 00000000 		.word	.LANCHOR0
 608              		.cfi_endproc
 609              	.LFE70:
 610              		.size	main, .-main
 611              		.global	izquierdaPresionado
 612              		.global	derechaPresionado
 613              		.global	atrasPresionado
 614              		.global	adelantePresionado
 615              		.comm	dato,1,1
 616              		.section	.rodata.str1.4,"aMS",%progbits,1
 617              		.align	2
 618              	.LC0:
 619 0000 44455245 		.ascii	"DERECHA\000"
 619      43484100 
 620              	.LC1:
ARM GAS  C:\Users\Gabriel\AppData\Local\Temp\ccqiapua.s 			page 16


 621 0008 47525550 		.ascii	"GRUPO 3 - 2023\000"
 621      4F203320 
 621      2D203230 
 621      323300
 622 0017 00       		.space	1
 623              	.LC2:
 624 0018 495A5155 		.ascii	"IZQUIERDA\000"
 624      49455244 
 624      4100
 625 0022 0000     		.space	2
 626              	.LC3:
 627 0024 4144454C 		.ascii	"ADELANTE\000"
 627      414E5445 
 627      00
 628 002d 000000   		.space	3
 629              	.LC4:
 630 0030 41545241 		.ascii	"ATRAS\000"
 630      5300
 631 0036 0000     		.space	2
 632              	.LC5:
 633 0038 44494749 		.ascii	"DIGITALES II\000"
 633      54414C45 
 633      53204949 
 633      00
 634              		.bss
 635              		.set	.LANCHOR0,. + 0
 636              		.type	adelantePresionado, %object
 637              		.size	adelantePresionado, 1
 638              	adelantePresionado:
 639 0000 00       		.space	1
 640              		.type	atrasPresionado, %object
 641              		.size	atrasPresionado, 1
 642              	atrasPresionado:
 643 0001 00       		.space	1
 644              		.type	derechaPresionado, %object
 645              		.size	derechaPresionado, 1
 646              	derechaPresionado:
 647 0002 00       		.space	1
 648              		.type	izquierdaPresionado, %object
 649              		.size	izquierdaPresionado, 1
 650              	izquierdaPresionado:
 651 0003 00       		.space	1
 652              		.text
 653              	.Letext0:
 654              		.file 2 "c:\\program files (x86)\\cypress\\psoc creator\\4.4\\psoc creator\\import\\gnu\\arm\\5.4.
 655              		.file 3 "c:\\program files (x86)\\cypress\\psoc creator\\4.4\\psoc creator\\import\\gnu\\arm\\5.4.
 656              		.file 4 "Generated_Source\\PSoC5/core_cm3.h"
 657              		.file 5 "Generated_Source\\PSoC5/UART.h"
 658              		.file 6 "LiquidCrystal_I2C.h"
 659              		.file 7 "Generated_Source\\PSoC5/M1_1.h"
 660              		.file 8 "Generated_Source\\PSoC5/M1_2.h"
 661              		.file 9 "Generated_Source\\PSoC5/PWM_Motores.h"
 662              		.file 10 "Generated_Source\\PSoC5/M2_1.h"
 663              		.file 11 "Generated_Source\\PSoC5/M2_2.h"
 664              		.file 12 "Generated_Source\\PSoC5/I2C.h"
 665              		.file 13 "Generated_Source\\PSoC5/RXisr.h"
 666              		.section	.debug_info,"",%progbits
ARM GAS  C:\Users\Gabriel\AppData\Local\Temp\ccqiapua.s 			page 17


 667              	.Ldebug_info0:
 668 0000 16080000 		.4byte	0x816
 669 0004 0400     		.2byte	0x4
 670 0006 00000000 		.4byte	.Ldebug_abbrev0
 671 000a 04       		.byte	0x4
 672 000b 01       		.uleb128 0x1
 673 000c ED010000 		.4byte	.LASF44
 674 0010 0C       		.byte	0xc
 675 0011 A3020000 		.4byte	.LASF45
 676 0015 99000000 		.4byte	.LASF46
 677 0019 00000000 		.4byte	.Ldebug_ranges0+0
 678 001d 00000000 		.4byte	0
 679 0021 00000000 		.4byte	.Ldebug_line0
 680 0025 02       		.uleb128 0x2
 681 0026 01       		.byte	0x1
 682 0027 06       		.byte	0x6
 683 0028 E1010000 		.4byte	.LASF0
 684 002c 02       		.uleb128 0x2
 685 002d 01       		.byte	0x1
 686 002e 08       		.byte	0x8
 687 002f 8B000000 		.4byte	.LASF1
 688 0033 02       		.uleb128 0x2
 689 0034 02       		.byte	0x2
 690 0035 05       		.byte	0x5
 691 0036 DE020000 		.4byte	.LASF2
 692 003a 02       		.uleb128 0x2
 693 003b 02       		.byte	0x2
 694 003c 07       		.byte	0x7
 695 003d 17010000 		.4byte	.LASF3
 696 0041 03       		.uleb128 0x3
 697 0042 2A000000 		.4byte	.LASF9
 698 0046 02       		.byte	0x2
 699 0047 3F       		.byte	0x3f
 700 0048 4C000000 		.4byte	0x4c
 701 004c 02       		.uleb128 0x2
 702 004d 04       		.byte	0x4
 703 004e 05       		.byte	0x5
 704 004f F2020000 		.4byte	.LASF4
 705 0053 02       		.uleb128 0x2
 706 0054 04       		.byte	0x4
 707 0055 07       		.byte	0x7
 708 0056 05010000 		.4byte	.LASF5
 709 005a 02       		.uleb128 0x2
 710 005b 08       		.byte	0x8
 711 005c 05       		.byte	0x5
 712 005d 00000000 		.4byte	.LASF6
 713 0061 02       		.uleb128 0x2
 714 0062 08       		.byte	0x8
 715 0063 07       		.byte	0x7
 716 0064 B7010000 		.4byte	.LASF7
 717 0068 04       		.uleb128 0x4
 718 0069 04       		.byte	0x4
 719 006a 05       		.byte	0x5
 720 006b 696E7400 		.ascii	"int\000"
 721 006f 02       		.uleb128 0x2
 722 0070 04       		.byte	0x4
 723 0071 07       		.byte	0x7
ARM GAS  C:\Users\Gabriel\AppData\Local\Temp\ccqiapua.s 			page 18


 724 0072 9F010000 		.4byte	.LASF8
 725 0076 03       		.uleb128 0x3
 726 0077 7B020000 		.4byte	.LASF10
 727 007b 03       		.byte	0x3
 728 007c 2C       		.byte	0x2c
 729 007d 41000000 		.4byte	0x41
 730 0081 02       		.uleb128 0x2
 731 0082 04       		.byte	0x4
 732 0083 04       		.byte	0x4
 733 0084 85000000 		.4byte	.LASF11
 734 0088 02       		.uleb128 0x2
 735 0089 08       		.byte	0x8
 736 008a 04       		.byte	0x4
 737 008b 7C010000 		.4byte	.LASF12
 738 008f 02       		.uleb128 0x2
 739 0090 01       		.byte	0x1
 740 0091 08       		.byte	0x8
 741 0092 AA020000 		.4byte	.LASF13
 742 0096 02       		.uleb128 0x2
 743 0097 08       		.byte	0x8
 744 0098 04       		.byte	0x4
 745 0099 0B030000 		.4byte	.LASF14
 746 009d 02       		.uleb128 0x2
 747 009e 04       		.byte	0x4
 748 009f 07       		.byte	0x7
 749 00a0 83020000 		.4byte	.LASF15
 750 00a4 05       		.uleb128 0x5
 751 00a5 78000000 		.4byte	.LASF47
 752 00a9 01       		.byte	0x1
 753 00aa 5B       		.byte	0x5b
 754 00ab 00000000 		.4byte	.LFB69
 755 00af 44000000 		.4byte	.LFE69-.LFB69
 756 00b3 01       		.uleb128 0x1
 757 00b4 9C       		.byte	0x9c
 758 00b5 C3000000 		.4byte	0xc3
 759 00b9 06       		.uleb128 0x6
 760 00ba 06000000 		.4byte	.LVL0
 761 00be 69070000 		.4byte	0x769
 762 00c2 00       		.byte	0
 763 00c3 07       		.uleb128 0x7
 764 00c4 E8020000 		.4byte	.LASF16
 765 00c8 01       		.byte	0x1
 766 00c9 11       		.byte	0x11
 767 00ca 00000000 		.4byte	.LFB64
 768 00ce 50000000 		.4byte	.LFE64-.LFB64
 769 00d2 01       		.uleb128 0x1
 770 00d3 9C       		.byte	0x9c
 771 00d4 B0010000 		.4byte	0x1b0
 772 00d8 06       		.uleb128 0x6
 773 00d9 06000000 		.4byte	.LVL1
 774 00dd 74070000 		.4byte	0x774
 775 00e1 08       		.uleb128 0x8
 776 00e2 0C000000 		.4byte	.LVL2
 777 00e6 7F070000 		.4byte	0x77f
 778 00ea F8000000 		.4byte	0xf8
 779 00ee 09       		.uleb128 0x9
 780 00ef 01       		.uleb128 0x1
ARM GAS  C:\Users\Gabriel\AppData\Local\Temp\ccqiapua.s 			page 19


 781 00f0 50       		.byte	0x50
 782 00f1 05       		.uleb128 0x5
 783 00f2 03       		.byte	0x3
 784 00f3 00000000 		.4byte	.LC0
 785 00f7 00       		.byte	0
 786 00f8 08       		.uleb128 0x8
 787 00f9 14000000 		.4byte	.LVL3
 788 00fd 8A070000 		.4byte	0x78a
 789 0101 10010000 		.4byte	0x110
 790 0105 09       		.uleb128 0x9
 791 0106 01       		.uleb128 0x1
 792 0107 50       		.byte	0x50
 793 0108 01       		.uleb128 0x1
 794 0109 30       		.byte	0x30
 795 010a 09       		.uleb128 0x9
 796 010b 01       		.uleb128 0x1
 797 010c 51       		.byte	0x51
 798 010d 01       		.uleb128 0x1
 799 010e 31       		.byte	0x31
 800 010f 00       		.byte	0
 801 0110 08       		.uleb128 0x8
 802 0111 1A000000 		.4byte	.LVL4
 803 0115 7F070000 		.4byte	0x77f
 804 0119 27010000 		.4byte	0x127
 805 011d 09       		.uleb128 0x9
 806 011e 01       		.uleb128 0x1
 807 011f 50       		.byte	0x50
 808 0120 05       		.uleb128 0x5
 809 0121 03       		.byte	0x3
 810 0122 08000000 		.4byte	.LC1
 811 0126 00       		.byte	0
 812 0127 08       		.uleb128 0x8
 813 0128 22000000 		.4byte	.LVL5
 814 012c 8A070000 		.4byte	0x78a
 815 0130 3F010000 		.4byte	0x13f
 816 0134 09       		.uleb128 0x9
 817 0135 01       		.uleb128 0x1
 818 0136 50       		.byte	0x50
 819 0137 01       		.uleb128 0x1
 820 0138 30       		.byte	0x30
 821 0139 09       		.uleb128 0x9
 822 013a 01       		.uleb128 0x1
 823 013b 51       		.byte	0x51
 824 013c 01       		.uleb128 0x1
 825 013d 32       		.byte	0x32
 826 013e 00       		.byte	0
 827 013f 08       		.uleb128 0x8
 828 0140 28000000 		.4byte	.LVL6
 829 0144 95070000 		.4byte	0x795
 830 0148 52010000 		.4byte	0x152
 831 014c 09       		.uleb128 0x9
 832 014d 01       		.uleb128 0x1
 833 014e 50       		.byte	0x50
 834 014f 01       		.uleb128 0x1
 835 0150 30       		.byte	0x30
 836 0151 00       		.byte	0
 837 0152 08       		.uleb128 0x8
ARM GAS  C:\Users\Gabriel\AppData\Local\Temp\ccqiapua.s 			page 20


 838 0153 2E000000 		.4byte	.LVL7
 839 0157 A0070000 		.4byte	0x7a0
 840 015b 65010000 		.4byte	0x165
 841 015f 09       		.uleb128 0x9
 842 0160 01       		.uleb128 0x1
 843 0161 50       		.byte	0x50
 844 0162 01       		.uleb128 0x1
 845 0163 31       		.byte	0x31
 846 0164 00       		.byte	0
 847 0165 08       		.uleb128 0x8
 848 0166 34000000 		.4byte	.LVL8
 849 016a AB070000 		.4byte	0x7ab
 850 016e 79010000 		.4byte	0x179
 851 0172 09       		.uleb128 0x9
 852 0173 01       		.uleb128 0x1
 853 0174 50       		.byte	0x50
 854 0175 02       		.uleb128 0x2
 855 0176 09       		.byte	0x9
 856 0177 C8       		.byte	0xc8
 857 0178 00       		.byte	0
 858 0179 08       		.uleb128 0x8
 859 017a 3A000000 		.4byte	.LVL9
 860 017e B6070000 		.4byte	0x7b6
 861 0182 8C010000 		.4byte	0x18c
 862 0186 09       		.uleb128 0x9
 863 0187 01       		.uleb128 0x1
 864 0188 50       		.byte	0x50
 865 0189 01       		.uleb128 0x1
 866 018a 30       		.byte	0x30
 867 018b 00       		.byte	0
 868 018c 08       		.uleb128 0x8
 869 018d 40000000 		.4byte	.LVL10
 870 0191 C1070000 		.4byte	0x7c1
 871 0195 9F010000 		.4byte	0x19f
 872 0199 09       		.uleb128 0x9
 873 019a 01       		.uleb128 0x1
 874 019b 50       		.byte	0x50
 875 019c 01       		.uleb128 0x1
 876 019d 31       		.byte	0x31
 877 019e 00       		.byte	0
 878 019f 0A       		.uleb128 0xa
 879 01a0 46000000 		.4byte	.LVL11
 880 01a4 CC070000 		.4byte	0x7cc
 881 01a8 09       		.uleb128 0x9
 882 01a9 01       		.uleb128 0x1
 883 01aa 50       		.byte	0x50
 884 01ab 02       		.uleb128 0x2
 885 01ac 08       		.byte	0x8
 886 01ad 64       		.byte	0x64
 887 01ae 00       		.byte	0
 888 01af 00       		.byte	0
 889 01b0 07       		.uleb128 0x7
 890 01b1 AF020000 		.4byte	.LASF17
 891 01b5 01       		.byte	0x1
 892 01b6 20       		.byte	0x20
 893 01b7 00000000 		.4byte	.LFB65
 894 01bb 50000000 		.4byte	.LFE65-.LFB65
ARM GAS  C:\Users\Gabriel\AppData\Local\Temp\ccqiapua.s 			page 21


 895 01bf 01       		.uleb128 0x1
 896 01c0 9C       		.byte	0x9c
 897 01c1 9D020000 		.4byte	0x29d
 898 01c5 06       		.uleb128 0x6
 899 01c6 06000000 		.4byte	.LVL12
 900 01ca 74070000 		.4byte	0x774
 901 01ce 08       		.uleb128 0x8
 902 01cf 0C000000 		.4byte	.LVL13
 903 01d3 7F070000 		.4byte	0x77f
 904 01d7 E5010000 		.4byte	0x1e5
 905 01db 09       		.uleb128 0x9
 906 01dc 01       		.uleb128 0x1
 907 01dd 50       		.byte	0x50
 908 01de 05       		.uleb128 0x5
 909 01df 03       		.byte	0x3
 910 01e0 18000000 		.4byte	.LC2
 911 01e4 00       		.byte	0
 912 01e5 08       		.uleb128 0x8
 913 01e6 14000000 		.4byte	.LVL14
 914 01ea 8A070000 		.4byte	0x78a
 915 01ee FD010000 		.4byte	0x1fd
 916 01f2 09       		.uleb128 0x9
 917 01f3 01       		.uleb128 0x1
 918 01f4 50       		.byte	0x50
 919 01f5 01       		.uleb128 0x1
 920 01f6 30       		.byte	0x30
 921 01f7 09       		.uleb128 0x9
 922 01f8 01       		.uleb128 0x1
 923 01f9 51       		.byte	0x51
 924 01fa 01       		.uleb128 0x1
 925 01fb 31       		.byte	0x31
 926 01fc 00       		.byte	0
 927 01fd 08       		.uleb128 0x8
 928 01fe 1A000000 		.4byte	.LVL15
 929 0202 7F070000 		.4byte	0x77f
 930 0206 14020000 		.4byte	0x214
 931 020a 09       		.uleb128 0x9
 932 020b 01       		.uleb128 0x1
 933 020c 50       		.byte	0x50
 934 020d 05       		.uleb128 0x5
 935 020e 03       		.byte	0x3
 936 020f 08000000 		.4byte	.LC1
 937 0213 00       		.byte	0
 938 0214 08       		.uleb128 0x8
 939 0215 22000000 		.4byte	.LVL16
 940 0219 8A070000 		.4byte	0x78a
 941 021d 2C020000 		.4byte	0x22c
 942 0221 09       		.uleb128 0x9
 943 0222 01       		.uleb128 0x1
 944 0223 50       		.byte	0x50
 945 0224 01       		.uleb128 0x1
 946 0225 30       		.byte	0x30
 947 0226 09       		.uleb128 0x9
 948 0227 01       		.uleb128 0x1
 949 0228 51       		.byte	0x51
 950 0229 01       		.uleb128 0x1
 951 022a 32       		.byte	0x32
ARM GAS  C:\Users\Gabriel\AppData\Local\Temp\ccqiapua.s 			page 22


 952 022b 00       		.byte	0
 953 022c 08       		.uleb128 0x8
 954 022d 28000000 		.4byte	.LVL17
 955 0231 95070000 		.4byte	0x795
 956 0235 3F020000 		.4byte	0x23f
 957 0239 09       		.uleb128 0x9
 958 023a 01       		.uleb128 0x1
 959 023b 50       		.byte	0x50
 960 023c 01       		.uleb128 0x1
 961 023d 31       		.byte	0x31
 962 023e 00       		.byte	0
 963 023f 08       		.uleb128 0x8
 964 0240 2E000000 		.4byte	.LVL18
 965 0244 A0070000 		.4byte	0x7a0
 966 0248 52020000 		.4byte	0x252
 967 024c 09       		.uleb128 0x9
 968 024d 01       		.uleb128 0x1
 969 024e 50       		.byte	0x50
 970 024f 01       		.uleb128 0x1
 971 0250 30       		.byte	0x30
 972 0251 00       		.byte	0
 973 0252 08       		.uleb128 0x8
 974 0253 34000000 		.4byte	.LVL19
 975 0257 AB070000 		.4byte	0x7ab
 976 025b 66020000 		.4byte	0x266
 977 025f 09       		.uleb128 0x9
 978 0260 01       		.uleb128 0x1
 979 0261 50       		.byte	0x50
 980 0262 02       		.uleb128 0x2
 981 0263 08       		.byte	0x8
 982 0264 69       		.byte	0x69
 983 0265 00       		.byte	0
 984 0266 08       		.uleb128 0x8
 985 0267 3A000000 		.4byte	.LVL20
 986 026b B6070000 		.4byte	0x7b6
 987 026f 79020000 		.4byte	0x279
 988 0273 09       		.uleb128 0x9
 989 0274 01       		.uleb128 0x1
 990 0275 50       		.byte	0x50
 991 0276 01       		.uleb128 0x1
 992 0277 31       		.byte	0x31
 993 0278 00       		.byte	0
 994 0279 08       		.uleb128 0x8
 995 027a 40000000 		.4byte	.LVL21
 996 027e C1070000 		.4byte	0x7c1
 997 0282 8C020000 		.4byte	0x28c
 998 0286 09       		.uleb128 0x9
 999 0287 01       		.uleb128 0x1
 1000 0288 50       		.byte	0x50
 1001 0289 01       		.uleb128 0x1
 1002 028a 30       		.byte	0x30
 1003 028b 00       		.byte	0
 1004 028c 0A       		.uleb128 0xa
 1005 028d 46000000 		.4byte	.LVL22
 1006 0291 CC070000 		.4byte	0x7cc
 1007 0295 09       		.uleb128 0x9
 1008 0296 01       		.uleb128 0x1
ARM GAS  C:\Users\Gabriel\AppData\Local\Temp\ccqiapua.s 			page 23


 1009 0297 50       		.byte	0x50
 1010 0298 02       		.uleb128 0x2
 1011 0299 09       		.byte	0x9
 1012 029a FF       		.byte	0xff
 1013 029b 00       		.byte	0
 1014 029c 00       		.byte	0
 1015 029d 07       		.uleb128 0x7
 1016 029e 34000000 		.4byte	.LASF18
 1017 02a2 01       		.byte	0x1
 1018 02a3 2F       		.byte	0x2f
 1019 02a4 00000000 		.4byte	.LFB66
 1020 02a8 50000000 		.4byte	.LFE66-.LFB66
 1021 02ac 01       		.uleb128 0x1
 1022 02ad 9C       		.byte	0x9c
 1023 02ae 8A030000 		.4byte	0x38a
 1024 02b2 06       		.uleb128 0x6
 1025 02b3 06000000 		.4byte	.LVL23
 1026 02b7 74070000 		.4byte	0x774
 1027 02bb 08       		.uleb128 0x8
 1028 02bc 0C000000 		.4byte	.LVL24
 1029 02c0 7F070000 		.4byte	0x77f
 1030 02c4 D2020000 		.4byte	0x2d2
 1031 02c8 09       		.uleb128 0x9
 1032 02c9 01       		.uleb128 0x1
 1033 02ca 50       		.byte	0x50
 1034 02cb 05       		.uleb128 0x5
 1035 02cc 03       		.byte	0x3
 1036 02cd 24000000 		.4byte	.LC3
 1037 02d1 00       		.byte	0
 1038 02d2 08       		.uleb128 0x8
 1039 02d3 14000000 		.4byte	.LVL25
 1040 02d7 8A070000 		.4byte	0x78a
 1041 02db EA020000 		.4byte	0x2ea
 1042 02df 09       		.uleb128 0x9
 1043 02e0 01       		.uleb128 0x1
 1044 02e1 50       		.byte	0x50
 1045 02e2 01       		.uleb128 0x1
 1046 02e3 30       		.byte	0x30
 1047 02e4 09       		.uleb128 0x9
 1048 02e5 01       		.uleb128 0x1
 1049 02e6 51       		.byte	0x51
 1050 02e7 01       		.uleb128 0x1
 1051 02e8 31       		.byte	0x31
 1052 02e9 00       		.byte	0
 1053 02ea 08       		.uleb128 0x8
 1054 02eb 1A000000 		.4byte	.LVL26
 1055 02ef 7F070000 		.4byte	0x77f
 1056 02f3 01030000 		.4byte	0x301
 1057 02f7 09       		.uleb128 0x9
 1058 02f8 01       		.uleb128 0x1
 1059 02f9 50       		.byte	0x50
 1060 02fa 05       		.uleb128 0x5
 1061 02fb 03       		.byte	0x3
 1062 02fc 08000000 		.4byte	.LC1
 1063 0300 00       		.byte	0
 1064 0301 08       		.uleb128 0x8
 1065 0302 22000000 		.4byte	.LVL27
ARM GAS  C:\Users\Gabriel\AppData\Local\Temp\ccqiapua.s 			page 24


 1066 0306 8A070000 		.4byte	0x78a
 1067 030a 19030000 		.4byte	0x319
 1068 030e 09       		.uleb128 0x9
 1069 030f 01       		.uleb128 0x1
 1070 0310 50       		.byte	0x50
 1071 0311 01       		.uleb128 0x1
 1072 0312 30       		.byte	0x30
 1073 0313 09       		.uleb128 0x9
 1074 0314 01       		.uleb128 0x1
 1075 0315 51       		.byte	0x51
 1076 0316 01       		.uleb128 0x1
 1077 0317 32       		.byte	0x32
 1078 0318 00       		.byte	0
 1079 0319 08       		.uleb128 0x8
 1080 031a 28000000 		.4byte	.LVL28
 1081 031e 95070000 		.4byte	0x795
 1082 0322 2C030000 		.4byte	0x32c
 1083 0326 09       		.uleb128 0x9
 1084 0327 01       		.uleb128 0x1
 1085 0328 50       		.byte	0x50
 1086 0329 01       		.uleb128 0x1
 1087 032a 31       		.byte	0x31
 1088 032b 00       		.byte	0
 1089 032c 08       		.uleb128 0x8
 1090 032d 2E000000 		.4byte	.LVL29
 1091 0331 A0070000 		.4byte	0x7a0
 1092 0335 3F030000 		.4byte	0x33f
 1093 0339 09       		.uleb128 0x9
 1094 033a 01       		.uleb128 0x1
 1095 033b 50       		.byte	0x50
 1096 033c 01       		.uleb128 0x1
 1097 033d 30       		.byte	0x30
 1098 033e 00       		.byte	0
 1099 033f 08       		.uleb128 0x8
 1100 0340 34000000 		.4byte	.LVL30
 1101 0344 AB070000 		.4byte	0x7ab
 1102 0348 53030000 		.4byte	0x353
 1103 034c 09       		.uleb128 0x9
 1104 034d 01       		.uleb128 0x1
 1105 034e 50       		.byte	0x50
 1106 034f 02       		.uleb128 0x2
 1107 0350 09       		.byte	0x9
 1108 0351 FF       		.byte	0xff
 1109 0352 00       		.byte	0
 1110 0353 08       		.uleb128 0x8
 1111 0354 3A000000 		.4byte	.LVL31
 1112 0358 B6070000 		.4byte	0x7b6
 1113 035c 66030000 		.4byte	0x366
 1114 0360 09       		.uleb128 0x9
 1115 0361 01       		.uleb128 0x1
 1116 0362 50       		.byte	0x50
 1117 0363 01       		.uleb128 0x1
 1118 0364 31       		.byte	0x31
 1119 0365 00       		.byte	0
 1120 0366 08       		.uleb128 0x8
 1121 0367 40000000 		.4byte	.LVL32
 1122 036b C1070000 		.4byte	0x7c1
ARM GAS  C:\Users\Gabriel\AppData\Local\Temp\ccqiapua.s 			page 25


 1123 036f 79030000 		.4byte	0x379
 1124 0373 09       		.uleb128 0x9
 1125 0374 01       		.uleb128 0x1
 1126 0375 50       		.byte	0x50
 1127 0376 01       		.uleb128 0x1
 1128 0377 30       		.byte	0x30
 1129 0378 00       		.byte	0
 1130 0379 0A       		.uleb128 0xa
 1131 037a 46000000 		.4byte	.LVL33
 1132 037e CC070000 		.4byte	0x7cc
 1133 0382 09       		.uleb128 0x9
 1134 0383 01       		.uleb128 0x1
 1135 0384 50       		.byte	0x50
 1136 0385 02       		.uleb128 0x2
 1137 0386 09       		.byte	0x9
 1138 0387 FF       		.byte	0xff
 1139 0388 00       		.byte	0
 1140 0389 00       		.byte	0
 1141 038a 07       		.uleb128 0x7
 1142 038b 46000000 		.4byte	.LASF19
 1143 038f 01       		.byte	0x1
 1144 0390 3E       		.byte	0x3e
 1145 0391 00000000 		.4byte	.LFB67
 1146 0395 50000000 		.4byte	.LFE67-.LFB67
 1147 0399 01       		.uleb128 0x1
 1148 039a 9C       		.byte	0x9c
 1149 039b 77040000 		.4byte	0x477
 1150 039f 06       		.uleb128 0x6
 1151 03a0 06000000 		.4byte	.LVL34
 1152 03a4 74070000 		.4byte	0x774
 1153 03a8 08       		.uleb128 0x8
 1154 03a9 0C000000 		.4byte	.LVL35
 1155 03ad 7F070000 		.4byte	0x77f
 1156 03b1 BF030000 		.4byte	0x3bf
 1157 03b5 09       		.uleb128 0x9
 1158 03b6 01       		.uleb128 0x1
 1159 03b7 50       		.byte	0x50
 1160 03b8 05       		.uleb128 0x5
 1161 03b9 03       		.byte	0x3
 1162 03ba 30000000 		.4byte	.LC4
 1163 03be 00       		.byte	0
 1164 03bf 08       		.uleb128 0x8
 1165 03c0 14000000 		.4byte	.LVL36
 1166 03c4 8A070000 		.4byte	0x78a
 1167 03c8 D7030000 		.4byte	0x3d7
 1168 03cc 09       		.uleb128 0x9
 1169 03cd 01       		.uleb128 0x1
 1170 03ce 50       		.byte	0x50
 1171 03cf 01       		.uleb128 0x1
 1172 03d0 30       		.byte	0x30
 1173 03d1 09       		.uleb128 0x9
 1174 03d2 01       		.uleb128 0x1
 1175 03d3 51       		.byte	0x51
 1176 03d4 01       		.uleb128 0x1
 1177 03d5 31       		.byte	0x31
 1178 03d6 00       		.byte	0
 1179 03d7 08       		.uleb128 0x8
ARM GAS  C:\Users\Gabriel\AppData\Local\Temp\ccqiapua.s 			page 26


 1180 03d8 1A000000 		.4byte	.LVL37
 1181 03dc 7F070000 		.4byte	0x77f
 1182 03e0 EE030000 		.4byte	0x3ee
 1183 03e4 09       		.uleb128 0x9
 1184 03e5 01       		.uleb128 0x1
 1185 03e6 50       		.byte	0x50
 1186 03e7 05       		.uleb128 0x5
 1187 03e8 03       		.byte	0x3
 1188 03e9 08000000 		.4byte	.LC1
 1189 03ed 00       		.byte	0
 1190 03ee 08       		.uleb128 0x8
 1191 03ef 22000000 		.4byte	.LVL38
 1192 03f3 8A070000 		.4byte	0x78a
 1193 03f7 06040000 		.4byte	0x406
 1194 03fb 09       		.uleb128 0x9
 1195 03fc 01       		.uleb128 0x1
 1196 03fd 50       		.byte	0x50
 1197 03fe 01       		.uleb128 0x1
 1198 03ff 30       		.byte	0x30
 1199 0400 09       		.uleb128 0x9
 1200 0401 01       		.uleb128 0x1
 1201 0402 51       		.byte	0x51
 1202 0403 01       		.uleb128 0x1
 1203 0404 32       		.byte	0x32
 1204 0405 00       		.byte	0
 1205 0406 08       		.uleb128 0x8
 1206 0407 28000000 		.4byte	.LVL39
 1207 040b 95070000 		.4byte	0x795
 1208 040f 19040000 		.4byte	0x419
 1209 0413 09       		.uleb128 0x9
 1210 0414 01       		.uleb128 0x1
 1211 0415 50       		.byte	0x50
 1212 0416 01       		.uleb128 0x1
 1213 0417 30       		.byte	0x30
 1214 0418 00       		.byte	0
 1215 0419 08       		.uleb128 0x8
 1216 041a 2E000000 		.4byte	.LVL40
 1217 041e A0070000 		.4byte	0x7a0
 1218 0422 2C040000 		.4byte	0x42c
 1219 0426 09       		.uleb128 0x9
 1220 0427 01       		.uleb128 0x1
 1221 0428 50       		.byte	0x50
 1222 0429 01       		.uleb128 0x1
 1223 042a 31       		.byte	0x31
 1224 042b 00       		.byte	0
 1225 042c 08       		.uleb128 0x8
 1226 042d 34000000 		.4byte	.LVL41
 1227 0431 AB070000 		.4byte	0x7ab
 1228 0435 40040000 		.4byte	0x440
 1229 0439 09       		.uleb128 0x9
 1230 043a 01       		.uleb128 0x1
 1231 043b 50       		.byte	0x50
 1232 043c 02       		.uleb128 0x2
 1233 043d 08       		.byte	0x8
 1234 043e 69       		.byte	0x69
 1235 043f 00       		.byte	0
 1236 0440 08       		.uleb128 0x8
ARM GAS  C:\Users\Gabriel\AppData\Local\Temp\ccqiapua.s 			page 27


 1237 0441 3A000000 		.4byte	.LVL42
 1238 0445 B6070000 		.4byte	0x7b6
 1239 0449 53040000 		.4byte	0x453
 1240 044d 09       		.uleb128 0x9
 1241 044e 01       		.uleb128 0x1
 1242 044f 50       		.byte	0x50
 1243 0450 01       		.uleb128 0x1
 1244 0451 30       		.byte	0x30
 1245 0452 00       		.byte	0
 1246 0453 08       		.uleb128 0x8
 1247 0454 40000000 		.4byte	.LVL43
 1248 0458 C1070000 		.4byte	0x7c1
 1249 045c 66040000 		.4byte	0x466
 1250 0460 09       		.uleb128 0x9
 1251 0461 01       		.uleb128 0x1
 1252 0462 50       		.byte	0x50
 1253 0463 01       		.uleb128 0x1
 1254 0464 31       		.byte	0x31
 1255 0465 00       		.byte	0
 1256 0466 0A       		.uleb128 0xa
 1257 0467 46000000 		.4byte	.LVL44
 1258 046b CC070000 		.4byte	0x7cc
 1259 046f 09       		.uleb128 0x9
 1260 0470 01       		.uleb128 0x1
 1261 0471 50       		.byte	0x50
 1262 0472 02       		.uleb128 0x2
 1263 0473 08       		.byte	0x8
 1264 0474 69       		.byte	0x69
 1265 0475 00       		.byte	0
 1266 0476 00       		.byte	0
 1267 0477 07       		.uleb128 0x7
 1268 0478 17030000 		.4byte	.LASF20
 1269 047c 01       		.byte	0x1
 1270 047d 4D       		.byte	0x4d
 1271 047e 00000000 		.4byte	.LFB68
 1272 0482 50000000 		.4byte	.LFE68-.LFB68
 1273 0486 01       		.uleb128 0x1
 1274 0487 9C       		.byte	0x9c
 1275 0488 62050000 		.4byte	0x562
 1276 048c 06       		.uleb128 0x6
 1277 048d 06000000 		.4byte	.LVL45
 1278 0491 74070000 		.4byte	0x774
 1279 0495 08       		.uleb128 0x8
 1280 0496 0C000000 		.4byte	.LVL46
 1281 049a 7F070000 		.4byte	0x77f
 1282 049e AC040000 		.4byte	0x4ac
 1283 04a2 09       		.uleb128 0x9
 1284 04a3 01       		.uleb128 0x1
 1285 04a4 50       		.byte	0x50
 1286 04a5 05       		.uleb128 0x5
 1287 04a6 03       		.byte	0x3
 1288 04a7 38000000 		.4byte	.LC5
 1289 04ab 00       		.byte	0
 1290 04ac 08       		.uleb128 0x8
 1291 04ad 14000000 		.4byte	.LVL47
 1292 04b1 8A070000 		.4byte	0x78a
 1293 04b5 C4040000 		.4byte	0x4c4
ARM GAS  C:\Users\Gabriel\AppData\Local\Temp\ccqiapua.s 			page 28


 1294 04b9 09       		.uleb128 0x9
 1295 04ba 01       		.uleb128 0x1
 1296 04bb 50       		.byte	0x50
 1297 04bc 01       		.uleb128 0x1
 1298 04bd 30       		.byte	0x30
 1299 04be 09       		.uleb128 0x9
 1300 04bf 01       		.uleb128 0x1
 1301 04c0 51       		.byte	0x51
 1302 04c1 01       		.uleb128 0x1
 1303 04c2 31       		.byte	0x31
 1304 04c3 00       		.byte	0
 1305 04c4 08       		.uleb128 0x8
 1306 04c5 1A000000 		.4byte	.LVL48
 1307 04c9 7F070000 		.4byte	0x77f
 1308 04cd DB040000 		.4byte	0x4db
 1309 04d1 09       		.uleb128 0x9
 1310 04d2 01       		.uleb128 0x1
 1311 04d3 50       		.byte	0x50
 1312 04d4 05       		.uleb128 0x5
 1313 04d5 03       		.byte	0x3
 1314 04d6 08000000 		.4byte	.LC1
 1315 04da 00       		.byte	0
 1316 04db 08       		.uleb128 0x8
 1317 04dc 22000000 		.4byte	.LVL49
 1318 04e0 8A070000 		.4byte	0x78a
 1319 04e4 F3040000 		.4byte	0x4f3
 1320 04e8 09       		.uleb128 0x9
 1321 04e9 01       		.uleb128 0x1
 1322 04ea 50       		.byte	0x50
 1323 04eb 01       		.uleb128 0x1
 1324 04ec 30       		.byte	0x30
 1325 04ed 09       		.uleb128 0x9
 1326 04ee 01       		.uleb128 0x1
 1327 04ef 51       		.byte	0x51
 1328 04f0 01       		.uleb128 0x1
 1329 04f1 32       		.byte	0x32
 1330 04f2 00       		.byte	0
 1331 04f3 08       		.uleb128 0x8
 1332 04f4 28000000 		.4byte	.LVL50
 1333 04f8 95070000 		.4byte	0x795
 1334 04fc 06050000 		.4byte	0x506
 1335 0500 09       		.uleb128 0x9
 1336 0501 01       		.uleb128 0x1
 1337 0502 50       		.byte	0x50
 1338 0503 01       		.uleb128 0x1
 1339 0504 30       		.byte	0x30
 1340 0505 00       		.byte	0
 1341 0506 08       		.uleb128 0x8
 1342 0507 2E000000 		.4byte	.LVL51
 1343 050b A0070000 		.4byte	0x7a0
 1344 050f 19050000 		.4byte	0x519
 1345 0513 09       		.uleb128 0x9
 1346 0514 01       		.uleb128 0x1
 1347 0515 50       		.byte	0x50
 1348 0516 01       		.uleb128 0x1
 1349 0517 30       		.byte	0x30
 1350 0518 00       		.byte	0
ARM GAS  C:\Users\Gabriel\AppData\Local\Temp\ccqiapua.s 			page 29


 1351 0519 08       		.uleb128 0x8
 1352 051a 34000000 		.4byte	.LVL52
 1353 051e AB070000 		.4byte	0x7ab
 1354 0522 2C050000 		.4byte	0x52c
 1355 0526 09       		.uleb128 0x9
 1356 0527 01       		.uleb128 0x1
 1357 0528 50       		.byte	0x50
 1358 0529 01       		.uleb128 0x1
 1359 052a 30       		.byte	0x30
 1360 052b 00       		.byte	0
 1361 052c 08       		.uleb128 0x8
 1362 052d 3A000000 		.4byte	.LVL53
 1363 0531 B6070000 		.4byte	0x7b6
 1364 0535 3F050000 		.4byte	0x53f
 1365 0539 09       		.uleb128 0x9
 1366 053a 01       		.uleb128 0x1
 1367 053b 50       		.byte	0x50
 1368 053c 01       		.uleb128 0x1
 1369 053d 30       		.byte	0x30
 1370 053e 00       		.byte	0
 1371 053f 08       		.uleb128 0x8
 1372 0540 40000000 		.4byte	.LVL54
 1373 0544 C1070000 		.4byte	0x7c1
 1374 0548 52050000 		.4byte	0x552
 1375 054c 09       		.uleb128 0x9
 1376 054d 01       		.uleb128 0x1
 1377 054e 50       		.byte	0x50
 1378 054f 01       		.uleb128 0x1
 1379 0550 30       		.byte	0x30
 1380 0551 00       		.byte	0
 1381 0552 0A       		.uleb128 0xa
 1382 0553 46000000 		.4byte	.LVL55
 1383 0557 CC070000 		.4byte	0x7cc
 1384 055b 09       		.uleb128 0x9
 1385 055c 01       		.uleb128 0x1
 1386 055d 50       		.byte	0x50
 1387 055e 01       		.uleb128 0x1
 1388 055f 30       		.byte	0x30
 1389 0560 00       		.byte	0
 1390 0561 00       		.byte	0
 1391 0562 0B       		.uleb128 0xb
 1392 0563 8D010000 		.4byte	.LASF48
 1393 0567 01       		.byte	0x1
 1394 0568 70       		.byte	0x70
 1395 0569 68000000 		.4byte	0x68
 1396 056d 00000000 		.4byte	.LFB70
 1397 0571 E0000000 		.4byte	.LFE70-.LFB70
 1398 0575 01       		.uleb128 0x1
 1399 0576 9C       		.byte	0x9c
 1400 0577 F2060000 		.4byte	0x6f2
 1401 057b 06       		.uleb128 0x6
 1402 057c 08000000 		.4byte	.LVL56
 1403 0580 D7070000 		.4byte	0x7d7
 1404 0584 08       		.uleb128 0x8
 1405 0585 0E000000 		.4byte	.LVL57
 1406 0589 AB070000 		.4byte	0x7ab
 1407 058d 97050000 		.4byte	0x597
ARM GAS  C:\Users\Gabriel\AppData\Local\Temp\ccqiapua.s 			page 30


 1408 0591 09       		.uleb128 0x9
 1409 0592 01       		.uleb128 0x1
 1410 0593 50       		.byte	0x50
 1411 0594 01       		.uleb128 0x1
 1412 0595 30       		.byte	0x30
 1413 0596 00       		.byte	0
 1414 0597 08       		.uleb128 0x8
 1415 0598 14000000 		.4byte	.LVL58
 1416 059c CC070000 		.4byte	0x7cc
 1417 05a0 AA050000 		.4byte	0x5aa
 1418 05a4 09       		.uleb128 0x9
 1419 05a5 01       		.uleb128 0x1
 1420 05a6 50       		.byte	0x50
 1421 05a7 01       		.uleb128 0x1
 1422 05a8 30       		.byte	0x30
 1423 05a9 00       		.byte	0
 1424 05aa 08       		.uleb128 0x8
 1425 05ab 1A000000 		.4byte	.LVL59
 1426 05af 95070000 		.4byte	0x795
 1427 05b3 BD050000 		.4byte	0x5bd
 1428 05b7 09       		.uleb128 0x9
 1429 05b8 01       		.uleb128 0x1
 1430 05b9 50       		.byte	0x50
 1431 05ba 01       		.uleb128 0x1
 1432 05bb 30       		.byte	0x30
 1433 05bc 00       		.byte	0
 1434 05bd 08       		.uleb128 0x8
 1435 05be 20000000 		.4byte	.LVL60
 1436 05c2 A0070000 		.4byte	0x7a0
 1437 05c6 D0050000 		.4byte	0x5d0
 1438 05ca 09       		.uleb128 0x9
 1439 05cb 01       		.uleb128 0x1
 1440 05cc 50       		.byte	0x50
 1441 05cd 01       		.uleb128 0x1
 1442 05ce 30       		.byte	0x30
 1443 05cf 00       		.byte	0
 1444 05d0 08       		.uleb128 0x8
 1445 05d1 26000000 		.4byte	.LVL61
 1446 05d5 B6070000 		.4byte	0x7b6
 1447 05d9 E3050000 		.4byte	0x5e3
 1448 05dd 09       		.uleb128 0x9
 1449 05de 01       		.uleb128 0x1
 1450 05df 50       		.byte	0x50
 1451 05e0 01       		.uleb128 0x1
 1452 05e1 30       		.byte	0x30
 1453 05e2 00       		.byte	0
 1454 05e3 08       		.uleb128 0x8
 1455 05e4 2C000000 		.4byte	.LVL62
 1456 05e8 C1070000 		.4byte	0x7c1
 1457 05ec F6050000 		.4byte	0x5f6
 1458 05f0 09       		.uleb128 0x9
 1459 05f1 01       		.uleb128 0x1
 1460 05f2 50       		.byte	0x50
 1461 05f3 01       		.uleb128 0x1
 1462 05f4 30       		.byte	0x30
 1463 05f5 00       		.byte	0
 1464 05f6 06       		.uleb128 0x6
ARM GAS  C:\Users\Gabriel\AppData\Local\Temp\ccqiapua.s 			page 31


 1465 05f7 30000000 		.4byte	.LVL63
 1466 05fb E2070000 		.4byte	0x7e2
 1467 05ff 06       		.uleb128 0x6
 1468 0600 34000000 		.4byte	.LVL64
 1469 0604 ED070000 		.4byte	0x7ed
 1470 0608 08       		.uleb128 0x8
 1471 0609 40000000 		.4byte	.LVL65
 1472 060d F8070000 		.4byte	0x7f8
 1473 0611 2B060000 		.4byte	0x62b
 1474 0615 09       		.uleb128 0x9
 1475 0616 01       		.uleb128 0x1
 1476 0617 50       		.byte	0x50
 1477 0618 02       		.uleb128 0x2
 1478 0619 08       		.byte	0x8
 1479 061a 27       		.byte	0x27
 1480 061b 09       		.uleb128 0x9
 1481 061c 01       		.uleb128 0x1
 1482 061d 51       		.byte	0x51
 1483 061e 01       		.uleb128 0x1
 1484 061f 40       		.byte	0x40
 1485 0620 09       		.uleb128 0x9
 1486 0621 01       		.uleb128 0x1
 1487 0622 52       		.byte	0x52
 1488 0623 01       		.uleb128 0x1
 1489 0624 32       		.byte	0x32
 1490 0625 09       		.uleb128 0x9
 1491 0626 01       		.uleb128 0x1
 1492 0627 53       		.byte	0x53
 1493 0628 01       		.uleb128 0x1
 1494 0629 30       		.byte	0x30
 1495 062a 00       		.byte	0
 1496 062b 06       		.uleb128 0x6
 1497 062c 44000000 		.4byte	.LVL66
 1498 0630 03080000 		.4byte	0x803
 1499 0634 08       		.uleb128 0x8
 1500 0635 4A000000 		.4byte	.LVL67
 1501 0639 0E080000 		.4byte	0x80e
 1502 063d 4B060000 		.4byte	0x64b
 1503 0641 09       		.uleb128 0x9
 1504 0642 01       		.uleb128 0x1
 1505 0643 50       		.byte	0x50
 1506 0644 05       		.uleb128 0x5
 1507 0645 03       		.byte	0x3
 1508 0646 00000000 		.4byte	InterrumpISR
 1509 064a 00       		.byte	0
 1510 064b 08       		.uleb128 0x8
 1511 064c 50000000 		.4byte	.LVL68
 1512 0650 7F070000 		.4byte	0x77f
 1513 0654 62060000 		.4byte	0x662
 1514 0658 09       		.uleb128 0x9
 1515 0659 01       		.uleb128 0x1
 1516 065a 50       		.byte	0x50
 1517 065b 05       		.uleb128 0x5
 1518 065c 03       		.byte	0x3
 1519 065d 38000000 		.4byte	.LC5
 1520 0661 00       		.byte	0
 1521 0662 08       		.uleb128 0x8
ARM GAS  C:\Users\Gabriel\AppData\Local\Temp\ccqiapua.s 			page 32


 1522 0663 58000000 		.4byte	.LVL69
 1523 0667 8A070000 		.4byte	0x78a
 1524 066b 7A060000 		.4byte	0x67a
 1525 066f 09       		.uleb128 0x9
 1526 0670 01       		.uleb128 0x1
 1527 0671 50       		.byte	0x50
 1528 0672 01       		.uleb128 0x1
 1529 0673 30       		.byte	0x30
 1530 0674 09       		.uleb128 0x9
 1531 0675 01       		.uleb128 0x1
 1532 0676 51       		.byte	0x51
 1533 0677 01       		.uleb128 0x1
 1534 0678 31       		.byte	0x31
 1535 0679 00       		.byte	0
 1536 067a 08       		.uleb128 0x8
 1537 067b 5E000000 		.4byte	.LVL70
 1538 067f 7F070000 		.4byte	0x77f
 1539 0683 91060000 		.4byte	0x691
 1540 0687 09       		.uleb128 0x9
 1541 0688 01       		.uleb128 0x1
 1542 0689 50       		.byte	0x50
 1543 068a 05       		.uleb128 0x5
 1544 068b 03       		.byte	0x3
 1545 068c 08000000 		.4byte	.LC1
 1546 0690 00       		.byte	0
 1547 0691 08       		.uleb128 0x8
 1548 0692 66000000 		.4byte	.LVL71
 1549 0696 8A070000 		.4byte	0x78a
 1550 069a A9060000 		.4byte	0x6a9
 1551 069e 09       		.uleb128 0x9
 1552 069f 01       		.uleb128 0x1
 1553 06a0 50       		.byte	0x50
 1554 06a1 01       		.uleb128 0x1
 1555 06a2 30       		.byte	0x30
 1556 06a3 09       		.uleb128 0x9
 1557 06a4 01       		.uleb128 0x1
 1558 06a5 51       		.byte	0x51
 1559 06a6 01       		.uleb128 0x1
 1560 06a7 32       		.byte	0x32
 1561 06a8 00       		.byte	0
 1562 06a9 06       		.uleb128 0x6
 1563 06aa 7A000000 		.4byte	.LVL72
 1564 06ae 9D020000 		.4byte	0x29d
 1565 06b2 06       		.uleb128 0x6
 1566 06b3 80000000 		.4byte	.LVL73
 1567 06b7 77040000 		.4byte	0x477
 1568 06bb 06       		.uleb128 0x6
 1569 06bc 94000000 		.4byte	.LVL74
 1570 06c0 8A030000 		.4byte	0x38a
 1571 06c4 06       		.uleb128 0x6
 1572 06c5 9A000000 		.4byte	.LVL75
 1573 06c9 77040000 		.4byte	0x477
 1574 06cd 06       		.uleb128 0x6
 1575 06ce AE000000 		.4byte	.LVL76
 1576 06d2 C3000000 		.4byte	0xc3
 1577 06d6 06       		.uleb128 0x6
 1578 06d7 B4000000 		.4byte	.LVL77
ARM GAS  C:\Users\Gabriel\AppData\Local\Temp\ccqiapua.s 			page 33


 1579 06db 77040000 		.4byte	0x477
 1580 06df 06       		.uleb128 0x6
 1581 06e0 C8000000 		.4byte	.LVL78
 1582 06e4 B0010000 		.4byte	0x1b0
 1583 06e8 06       		.uleb128 0x6
 1584 06e9 CE000000 		.4byte	.LVL79
 1585 06ed 77040000 		.4byte	0x477
 1586 06f1 00       		.byte	0
 1587 06f2 0C       		.uleb128 0xc
 1588 06f3 92010000 		.4byte	.LASF21
 1589 06f7 04       		.byte	0x4
 1590 06f8 1207     		.2byte	0x712
 1591 06fa FE060000 		.4byte	0x6fe
 1592 06fe 0D       		.uleb128 0xd
 1593 06ff 76000000 		.4byte	0x76
 1594 0703 0E       		.uleb128 0xe
 1595 0704 43010000 		.4byte	.LASF22
 1596 0708 01       		.byte	0x1
 1597 0709 08       		.byte	0x8
 1598 070a 14070000 		.4byte	0x714
 1599 070e 05       		.uleb128 0x5
 1600 070f 03       		.byte	0x3
 1601 0710 00000000 		.4byte	dato
 1602 0714 0D       		.uleb128 0xd
 1603 0715 8F000000 		.4byte	0x8f
 1604 0719 0E       		.uleb128 0xe
 1605 071a CE010000 		.4byte	.LASF23
 1606 071e 01       		.byte	0x1
 1607 071f 0B       		.byte	0xb
 1608 0720 31070000 		.4byte	0x731
 1609 0724 05       		.uleb128 0x5
 1610 0725 03       		.byte	0x3
 1611 0726 00000000 		.4byte	adelantePresionado
 1612 072a 02       		.uleb128 0x2
 1613 072b 01       		.byte	0x1
 1614 072c 02       		.byte	0x2
 1615 072d 2C030000 		.4byte	.LASF24
 1616 0731 0D       		.uleb128 0xd
 1617 0732 2A070000 		.4byte	0x72a
 1618 0736 0E       		.uleb128 0xe
 1619 0737 FB020000 		.4byte	.LASF25
 1620 073b 01       		.byte	0x1
 1621 073c 0C       		.byte	0xc
 1622 073d 31070000 		.4byte	0x731
 1623 0741 05       		.uleb128 0x5
 1624 0742 03       		.byte	0x3
 1625 0743 00000000 		.4byte	atrasPresionado
 1626 0747 0E       		.uleb128 0xe
 1627 0748 66000000 		.4byte	.LASF26
 1628 074c 01       		.byte	0x1
 1629 074d 0D       		.byte	0xd
 1630 074e 31070000 		.4byte	0x731
 1631 0752 05       		.uleb128 0x5
 1632 0753 03       		.byte	0x3
 1633 0754 00000000 		.4byte	derechaPresionado
 1634 0758 0E       		.uleb128 0xe
 1635 0759 B8020000 		.4byte	.LASF27
ARM GAS  C:\Users\Gabriel\AppData\Local\Temp\ccqiapua.s 			page 34


 1636 075d 01       		.byte	0x1
 1637 075e 0E       		.byte	0xe
 1638 075f 31070000 		.4byte	0x731
 1639 0763 05       		.uleb128 0x5
 1640 0764 03       		.byte	0x3
 1641 0765 00000000 		.4byte	izquierdaPresionado
 1642 0769 0F       		.uleb128 0xf
 1643 076a 1F030000 		.4byte	.LASF28
 1644 076e 1F030000 		.4byte	.LASF28
 1645 0772 05       		.byte	0x5
 1646 0773 71       		.byte	0x71
 1647 0774 0F       		.uleb128 0xf
 1648 0775 19000000 		.4byte	.LASF29
 1649 0779 19000000 		.4byte	.LASF29
 1650 077d 06       		.byte	0x6
 1651 077e 54       		.byte	0x54
 1652 077f 0F       		.uleb128 0xf
 1653 0780 83010000 		.4byte	.LASF30
 1654 0784 83010000 		.4byte	.LASF30
 1655 0788 06       		.byte	0x6
 1656 0789 8B       		.byte	0x8b
 1657 078a 0F       		.uleb128 0xf
 1658 078b 3C000000 		.4byte	.LASF31
 1659 078f 3C000000 		.4byte	.LASF31
 1660 0793 06       		.byte	0x6
 1661 0794 88       		.byte	0x88
 1662 0795 0F       		.uleb128 0xf
 1663 0796 1F000000 		.4byte	.LASF32
 1664 079a 1F000000 		.4byte	.LASF32
 1665 079e 07       		.byte	0x7
 1666 079f 26       		.byte	0x26
 1667 07a0 0F       		.uleb128 0xf
 1668 07a1 4B000000 		.4byte	.LASF33
 1669 07a5 4B000000 		.4byte	.LASF33
 1670 07a9 08       		.byte	0x8
 1671 07aa 26       		.byte	0x26
 1672 07ab 0F       		.uleb128 0xf
 1673 07ac 48010000 		.4byte	.LASF34
 1674 07b0 48010000 		.4byte	.LASF34
 1675 07b4 09       		.byte	0x9
 1676 07b5 C7       		.byte	0xc7
 1677 07b6 0F       		.uleb128 0xf
 1678 07b7 0E000000 		.4byte	.LASF35
 1679 07bb 0E000000 		.4byte	.LASF35
 1680 07bf 0A       		.byte	0xa
 1681 07c0 26       		.byte	0x26
 1682 07c1 0F       		.uleb128 0xf
 1683 07c2 AC010000 		.4byte	.LASF36
 1684 07c6 AC010000 		.4byte	.LASF36
 1685 07ca 0B       		.byte	0xb
 1686 07cb 26       		.byte	0x26
 1687 07cc 0F       		.uleb128 0xf
 1688 07cd 62010000 		.4byte	.LASF37
 1689 07d1 62010000 		.4byte	.LASF37
 1690 07d5 09       		.byte	0x9
 1691 07d6 CA       		.byte	0xca
 1692 07d7 0F       		.uleb128 0xf
ARM GAS  C:\Users\Gabriel\AppData\Local\Temp\ccqiapua.s 			page 35


 1693 07d8 CC020000 		.4byte	.LASF38
 1694 07dc CC020000 		.4byte	.LASF38
 1695 07e0 09       		.byte	0x9
 1696 07e1 92       		.byte	0x92
 1697 07e2 0F       		.uleb128 0xf
 1698 07e3 2A010000 		.4byte	.LASF39
 1699 07e7 2A010000 		.4byte	.LASF39
 1700 07eb 05       		.byte	0x5
 1701 07ec 54       		.byte	0x54
 1702 07ed 0F       		.uleb128 0xf
 1703 07ee 5C000000 		.4byte	.LASF40
 1704 07f2 5C000000 		.4byte	.LASF40
 1705 07f6 0C       		.byte	0xc
 1706 07f7 93       		.byte	0x93
 1707 07f8 0F       		.uleb128 0xf
 1708 07f9 8C020000 		.4byte	.LASF41
 1709 07fd 8C020000 		.4byte	.LASF41
 1710 0801 06       		.byte	0x6
 1711 0802 47       		.byte	0x47
 1712 0803 0F       		.uleb128 0xf
 1713 0804 56000000 		.4byte	.LASF42
 1714 0808 56000000 		.4byte	.LASF42
 1715 080c 06       		.byte	0x6
 1716 080d 4E       		.byte	0x4e
 1717 080e 0F       		.uleb128 0xf
 1718 080f 35010000 		.4byte	.LASF43
 1719 0813 35010000 		.4byte	.LASF43
 1720 0817 0D       		.byte	0xd
 1721 0818 18       		.byte	0x18
 1722 0819 00       		.byte	0
 1723              		.section	.debug_abbrev,"",%progbits
 1724              	.Ldebug_abbrev0:
 1725 0000 01       		.uleb128 0x1
 1726 0001 11       		.uleb128 0x11
 1727 0002 01       		.byte	0x1
 1728 0003 25       		.uleb128 0x25
 1729 0004 0E       		.uleb128 0xe
 1730 0005 13       		.uleb128 0x13
 1731 0006 0B       		.uleb128 0xb
 1732 0007 03       		.uleb128 0x3
 1733 0008 0E       		.uleb128 0xe
 1734 0009 1B       		.uleb128 0x1b
 1735 000a 0E       		.uleb128 0xe
 1736 000b 55       		.uleb128 0x55
 1737 000c 17       		.uleb128 0x17
 1738 000d 11       		.uleb128 0x11
 1739 000e 01       		.uleb128 0x1
 1740 000f 10       		.uleb128 0x10
 1741 0010 17       		.uleb128 0x17
 1742 0011 00       		.byte	0
 1743 0012 00       		.byte	0
 1744 0013 02       		.uleb128 0x2
 1745 0014 24       		.uleb128 0x24
 1746 0015 00       		.byte	0
 1747 0016 0B       		.uleb128 0xb
 1748 0017 0B       		.uleb128 0xb
 1749 0018 3E       		.uleb128 0x3e
ARM GAS  C:\Users\Gabriel\AppData\Local\Temp\ccqiapua.s 			page 36


 1750 0019 0B       		.uleb128 0xb
 1751 001a 03       		.uleb128 0x3
 1752 001b 0E       		.uleb128 0xe
 1753 001c 00       		.byte	0
 1754 001d 00       		.byte	0
 1755 001e 03       		.uleb128 0x3
 1756 001f 16       		.uleb128 0x16
 1757 0020 00       		.byte	0
 1758 0021 03       		.uleb128 0x3
 1759 0022 0E       		.uleb128 0xe
 1760 0023 3A       		.uleb128 0x3a
 1761 0024 0B       		.uleb128 0xb
 1762 0025 3B       		.uleb128 0x3b
 1763 0026 0B       		.uleb128 0xb
 1764 0027 49       		.uleb128 0x49
 1765 0028 13       		.uleb128 0x13
 1766 0029 00       		.byte	0
 1767 002a 00       		.byte	0
 1768 002b 04       		.uleb128 0x4
 1769 002c 24       		.uleb128 0x24
 1770 002d 00       		.byte	0
 1771 002e 0B       		.uleb128 0xb
 1772 002f 0B       		.uleb128 0xb
 1773 0030 3E       		.uleb128 0x3e
 1774 0031 0B       		.uleb128 0xb
 1775 0032 03       		.uleb128 0x3
 1776 0033 08       		.uleb128 0x8
 1777 0034 00       		.byte	0
 1778 0035 00       		.byte	0
 1779 0036 05       		.uleb128 0x5
 1780 0037 2E       		.uleb128 0x2e
 1781 0038 01       		.byte	0x1
 1782 0039 3F       		.uleb128 0x3f
 1783 003a 19       		.uleb128 0x19
 1784 003b 03       		.uleb128 0x3
 1785 003c 0E       		.uleb128 0xe
 1786 003d 3A       		.uleb128 0x3a
 1787 003e 0B       		.uleb128 0xb
 1788 003f 3B       		.uleb128 0x3b
 1789 0040 0B       		.uleb128 0xb
 1790 0041 27       		.uleb128 0x27
 1791 0042 19       		.uleb128 0x19
 1792 0043 11       		.uleb128 0x11
 1793 0044 01       		.uleb128 0x1
 1794 0045 12       		.uleb128 0x12
 1795 0046 06       		.uleb128 0x6
 1796 0047 40       		.uleb128 0x40
 1797 0048 18       		.uleb128 0x18
 1798 0049 9742     		.uleb128 0x2117
 1799 004b 19       		.uleb128 0x19
 1800 004c 01       		.uleb128 0x1
 1801 004d 13       		.uleb128 0x13
 1802 004e 00       		.byte	0
 1803 004f 00       		.byte	0
 1804 0050 06       		.uleb128 0x6
 1805 0051 898201   		.uleb128 0x4109
 1806 0054 00       		.byte	0
ARM GAS  C:\Users\Gabriel\AppData\Local\Temp\ccqiapua.s 			page 37


 1807 0055 11       		.uleb128 0x11
 1808 0056 01       		.uleb128 0x1
 1809 0057 31       		.uleb128 0x31
 1810 0058 13       		.uleb128 0x13
 1811 0059 00       		.byte	0
 1812 005a 00       		.byte	0
 1813 005b 07       		.uleb128 0x7
 1814 005c 2E       		.uleb128 0x2e
 1815 005d 01       		.byte	0x1
 1816 005e 3F       		.uleb128 0x3f
 1817 005f 19       		.uleb128 0x19
 1818 0060 03       		.uleb128 0x3
 1819 0061 0E       		.uleb128 0xe
 1820 0062 3A       		.uleb128 0x3a
 1821 0063 0B       		.uleb128 0xb
 1822 0064 3B       		.uleb128 0x3b
 1823 0065 0B       		.uleb128 0xb
 1824 0066 11       		.uleb128 0x11
 1825 0067 01       		.uleb128 0x1
 1826 0068 12       		.uleb128 0x12
 1827 0069 06       		.uleb128 0x6
 1828 006a 40       		.uleb128 0x40
 1829 006b 18       		.uleb128 0x18
 1830 006c 9742     		.uleb128 0x2117
 1831 006e 19       		.uleb128 0x19
 1832 006f 01       		.uleb128 0x1
 1833 0070 13       		.uleb128 0x13
 1834 0071 00       		.byte	0
 1835 0072 00       		.byte	0
 1836 0073 08       		.uleb128 0x8
 1837 0074 898201   		.uleb128 0x4109
 1838 0077 01       		.byte	0x1
 1839 0078 11       		.uleb128 0x11
 1840 0079 01       		.uleb128 0x1
 1841 007a 31       		.uleb128 0x31
 1842 007b 13       		.uleb128 0x13
 1843 007c 01       		.uleb128 0x1
 1844 007d 13       		.uleb128 0x13
 1845 007e 00       		.byte	0
 1846 007f 00       		.byte	0
 1847 0080 09       		.uleb128 0x9
 1848 0081 8A8201   		.uleb128 0x410a
 1849 0084 00       		.byte	0
 1850 0085 02       		.uleb128 0x2
 1851 0086 18       		.uleb128 0x18
 1852 0087 9142     		.uleb128 0x2111
 1853 0089 18       		.uleb128 0x18
 1854 008a 00       		.byte	0
 1855 008b 00       		.byte	0
 1856 008c 0A       		.uleb128 0xa
 1857 008d 898201   		.uleb128 0x4109
 1858 0090 01       		.byte	0x1
 1859 0091 11       		.uleb128 0x11
 1860 0092 01       		.uleb128 0x1
 1861 0093 31       		.uleb128 0x31
 1862 0094 13       		.uleb128 0x13
 1863 0095 00       		.byte	0
ARM GAS  C:\Users\Gabriel\AppData\Local\Temp\ccqiapua.s 			page 38


 1864 0096 00       		.byte	0
 1865 0097 0B       		.uleb128 0xb
 1866 0098 2E       		.uleb128 0x2e
 1867 0099 01       		.byte	0x1
 1868 009a 3F       		.uleb128 0x3f
 1869 009b 19       		.uleb128 0x19
 1870 009c 03       		.uleb128 0x3
 1871 009d 0E       		.uleb128 0xe
 1872 009e 3A       		.uleb128 0x3a
 1873 009f 0B       		.uleb128 0xb
 1874 00a0 3B       		.uleb128 0x3b
 1875 00a1 0B       		.uleb128 0xb
 1876 00a2 27       		.uleb128 0x27
 1877 00a3 19       		.uleb128 0x19
 1878 00a4 49       		.uleb128 0x49
 1879 00a5 13       		.uleb128 0x13
 1880 00a6 8701     		.uleb128 0x87
 1881 00a8 19       		.uleb128 0x19
 1882 00a9 11       		.uleb128 0x11
 1883 00aa 01       		.uleb128 0x1
 1884 00ab 12       		.uleb128 0x12
 1885 00ac 06       		.uleb128 0x6
 1886 00ad 40       		.uleb128 0x40
 1887 00ae 18       		.uleb128 0x18
 1888 00af 9742     		.uleb128 0x2117
 1889 00b1 19       		.uleb128 0x19
 1890 00b2 01       		.uleb128 0x1
 1891 00b3 13       		.uleb128 0x13
 1892 00b4 00       		.byte	0
 1893 00b5 00       		.byte	0
 1894 00b6 0C       		.uleb128 0xc
 1895 00b7 34       		.uleb128 0x34
 1896 00b8 00       		.byte	0
 1897 00b9 03       		.uleb128 0x3
 1898 00ba 0E       		.uleb128 0xe
 1899 00bb 3A       		.uleb128 0x3a
 1900 00bc 0B       		.uleb128 0xb
 1901 00bd 3B       		.uleb128 0x3b
 1902 00be 05       		.uleb128 0x5
 1903 00bf 49       		.uleb128 0x49
 1904 00c0 13       		.uleb128 0x13
 1905 00c1 3F       		.uleb128 0x3f
 1906 00c2 19       		.uleb128 0x19
 1907 00c3 3C       		.uleb128 0x3c
 1908 00c4 19       		.uleb128 0x19
 1909 00c5 00       		.byte	0
 1910 00c6 00       		.byte	0
 1911 00c7 0D       		.uleb128 0xd
 1912 00c8 35       		.uleb128 0x35
 1913 00c9 00       		.byte	0
 1914 00ca 49       		.uleb128 0x49
 1915 00cb 13       		.uleb128 0x13
 1916 00cc 00       		.byte	0
 1917 00cd 00       		.byte	0
 1918 00ce 0E       		.uleb128 0xe
 1919 00cf 34       		.uleb128 0x34
 1920 00d0 00       		.byte	0
ARM GAS  C:\Users\Gabriel\AppData\Local\Temp\ccqiapua.s 			page 39


 1921 00d1 03       		.uleb128 0x3
 1922 00d2 0E       		.uleb128 0xe
 1923 00d3 3A       		.uleb128 0x3a
 1924 00d4 0B       		.uleb128 0xb
 1925 00d5 3B       		.uleb128 0x3b
 1926 00d6 0B       		.uleb128 0xb
 1927 00d7 49       		.uleb128 0x49
 1928 00d8 13       		.uleb128 0x13
 1929 00d9 3F       		.uleb128 0x3f
 1930 00da 19       		.uleb128 0x19
 1931 00db 02       		.uleb128 0x2
 1932 00dc 18       		.uleb128 0x18
 1933 00dd 00       		.byte	0
 1934 00de 00       		.byte	0
 1935 00df 0F       		.uleb128 0xf
 1936 00e0 2E       		.uleb128 0x2e
 1937 00e1 00       		.byte	0
 1938 00e2 3F       		.uleb128 0x3f
 1939 00e3 19       		.uleb128 0x19
 1940 00e4 3C       		.uleb128 0x3c
 1941 00e5 19       		.uleb128 0x19
 1942 00e6 6E       		.uleb128 0x6e
 1943 00e7 0E       		.uleb128 0xe
 1944 00e8 03       		.uleb128 0x3
 1945 00e9 0E       		.uleb128 0xe
 1946 00ea 3A       		.uleb128 0x3a
 1947 00eb 0B       		.uleb128 0xb
 1948 00ec 3B       		.uleb128 0x3b
 1949 00ed 0B       		.uleb128 0xb
 1950 00ee 00       		.byte	0
 1951 00ef 00       		.byte	0
 1952 00f0 00       		.byte	0
 1953              		.section	.debug_aranges,"",%progbits
 1954 0000 4C000000 		.4byte	0x4c
 1955 0004 0200     		.2byte	0x2
 1956 0006 00000000 		.4byte	.Ldebug_info0
 1957 000a 04       		.byte	0x4
 1958 000b 00       		.byte	0
 1959 000c 0000     		.2byte	0
 1960 000e 0000     		.2byte	0
 1961 0010 00000000 		.4byte	.LFB69
 1962 0014 44000000 		.4byte	.LFE69-.LFB69
 1963 0018 00000000 		.4byte	.LFB64
 1964 001c 50000000 		.4byte	.LFE64-.LFB64
 1965 0020 00000000 		.4byte	.LFB65
 1966 0024 50000000 		.4byte	.LFE65-.LFB65
 1967 0028 00000000 		.4byte	.LFB66
 1968 002c 50000000 		.4byte	.LFE66-.LFB66
 1969 0030 00000000 		.4byte	.LFB67
 1970 0034 50000000 		.4byte	.LFE67-.LFB67
 1971 0038 00000000 		.4byte	.LFB68
 1972 003c 50000000 		.4byte	.LFE68-.LFB68
 1973 0040 00000000 		.4byte	.LFB70
 1974 0044 E0000000 		.4byte	.LFE70-.LFB70
 1975 0048 00000000 		.4byte	0
 1976 004c 00000000 		.4byte	0
 1977              		.section	.debug_ranges,"",%progbits
ARM GAS  C:\Users\Gabriel\AppData\Local\Temp\ccqiapua.s 			page 40


 1978              	.Ldebug_ranges0:
 1979 0000 00000000 		.4byte	.LFB69
 1980 0004 44000000 		.4byte	.LFE69
 1981 0008 00000000 		.4byte	.LFB64
 1982 000c 50000000 		.4byte	.LFE64
 1983 0010 00000000 		.4byte	.LFB65
 1984 0014 50000000 		.4byte	.LFE65
 1985 0018 00000000 		.4byte	.LFB66
 1986 001c 50000000 		.4byte	.LFE66
 1987 0020 00000000 		.4byte	.LFB67
 1988 0024 50000000 		.4byte	.LFE67
 1989 0028 00000000 		.4byte	.LFB68
 1990 002c 50000000 		.4byte	.LFE68
 1991 0030 00000000 		.4byte	.LFB70
 1992 0034 E0000000 		.4byte	.LFE70
 1993 0038 00000000 		.4byte	0
 1994 003c 00000000 		.4byte	0
 1995              		.section	.debug_line,"",%progbits
 1996              	.Ldebug_line0:
 1997 0000 80020000 		.section	.debug_str,"MS",%progbits,1
 1997      0200AD01 
 1997      00000201 
 1997      FB0E0D00 
 1997      01010101 
 1998              	.LASF6:
 1999 0000 6C6F6E67 		.ascii	"long long int\000"
 1999      206C6F6E 
 1999      6720696E 
 1999      7400
 2000              	.LASF35:
 2001 000e 4D325F31 		.ascii	"M2_1_Write\000"
 2001      5F577269 
 2001      746500
 2002              	.LASF29:
 2003 0019 636C6561 		.ascii	"clear\000"
 2003      7200
 2004              	.LASF32:
 2005 001f 4D315F31 		.ascii	"M1_1_Write\000"
 2005      5F577269 
 2005      746500
 2006              	.LASF9:
 2007 002a 5F5F696E 		.ascii	"__int32_t\000"
 2007      7433325F 
 2007      7400
 2008              	.LASF18:
 2009 0034 466F7277 		.ascii	"Forward\000"
 2009      61726400 
 2010              	.LASF31:
 2011 003c 73657443 		.ascii	"setCursor\000"
 2011      7572736F 
 2011      7200
 2012              	.LASF19:
 2013 0046 4261636B 		.ascii	"Back\000"
 2013      00
 2014              	.LASF33:
 2015 004b 4D315F32 		.ascii	"M1_2_Write\000"
 2015      5F577269 
ARM GAS  C:\Users\Gabriel\AppData\Local\Temp\ccqiapua.s 			page 41


 2015      746500
 2016              	.LASF42:
 2017 0056 62656769 		.ascii	"begin\000"
 2017      6E00
 2018              	.LASF40:
 2019 005c 4932435F 		.ascii	"I2C_Start\000"
 2019      53746172 
 2019      7400
 2020              	.LASF26:
 2021 0066 64657265 		.ascii	"derechaPresionado\000"
 2021      63686150 
 2021      72657369 
 2021      6F6E6164 
 2021      6F00
 2022              	.LASF47:
 2023 0078 496E7465 		.ascii	"InterrumpISR\000"
 2023      7272756D 
 2023      70495352 
 2023      00
 2024              	.LASF11:
 2025 0085 666C6F61 		.ascii	"float\000"
 2025      7400
 2026              	.LASF1:
 2027 008b 756E7369 		.ascii	"unsigned char\000"
 2027      676E6564 
 2027      20636861 
 2027      7200
 2028              	.LASF46:
 2029 0099 433A5C55 		.ascii	"C:\\Users\\Gabriel\\OneDrive - frt.utn.edu.ar\\Docu"
 2029      73657273 
 2029      5C476162 
 2029      7269656C 
 2029      5C4F6E65 
 2030 00c8 6D656E74 		.ascii	"mentos\\PSoC Creator\\Proyecto_DigitalesII\\RobotBl"
 2030      6F735C50 
 2030      536F4320 
 2030      43726561 
 2030      746F725C 
 2031 00f8 7565746F 		.ascii	"uetoth.cydsn\000"
 2031      74682E63 
 2031      7964736E 
 2031      00
 2032              	.LASF5:
 2033 0105 6C6F6E67 		.ascii	"long unsigned int\000"
 2033      20756E73 
 2033      69676E65 
 2033      6420696E 
 2033      7400
 2034              	.LASF3:
 2035 0117 73686F72 		.ascii	"short unsigned int\000"
 2035      7420756E 
 2035      7369676E 
 2035      65642069 
 2035      6E7400
 2036              	.LASF39:
 2037 012a 55415254 		.ascii	"UART_Start\000"
 2037      5F537461 
ARM GAS  C:\Users\Gabriel\AppData\Local\Temp\ccqiapua.s 			page 42


 2037      727400
 2038              	.LASF43:
 2039 0135 52586973 		.ascii	"RXisr_StartEx\000"
 2039      725F5374 
 2039      61727445 
 2039      7800
 2040              	.LASF22:
 2041 0143 6461746F 		.ascii	"dato\000"
 2041      00
 2042              	.LASF34:
 2043 0148 50574D5F 		.ascii	"PWM_Motores_WriteCompare1\000"
 2043      4D6F746F 
 2043      7265735F 
 2043      57726974 
 2043      65436F6D 
 2044              	.LASF37:
 2045 0162 50574D5F 		.ascii	"PWM_Motores_WriteCompare2\000"
 2045      4D6F746F 
 2045      7265735F 
 2045      57726974 
 2045      65436F6D 
 2046              	.LASF12:
 2047 017c 646F7562 		.ascii	"double\000"
 2047      6C6500
 2048              	.LASF30:
 2049 0183 4C43445F 		.ascii	"LCD_print\000"
 2049      7072696E 
 2049      7400
 2050              	.LASF48:
 2051 018d 6D61696E 		.ascii	"main\000"
 2051      00
 2052              	.LASF21:
 2053 0192 49544D5F 		.ascii	"ITM_RxBuffer\000"
 2053      52784275 
 2053      66666572 
 2053      00
 2054              	.LASF8:
 2055 019f 756E7369 		.ascii	"unsigned int\000"
 2055      676E6564 
 2055      20696E74 
 2055      00
 2056              	.LASF36:
 2057 01ac 4D325F32 		.ascii	"M2_2_Write\000"
 2057      5F577269 
 2057      746500
 2058              	.LASF7:
 2059 01b7 6C6F6E67 		.ascii	"long long unsigned int\000"
 2059      206C6F6E 
 2059      6720756E 
 2059      7369676E 
 2059      65642069 
 2060              	.LASF23:
 2061 01ce 6164656C 		.ascii	"adelantePresionado\000"
 2061      616E7465 
 2061      50726573 
 2061      696F6E61 
 2061      646F00
ARM GAS  C:\Users\Gabriel\AppData\Local\Temp\ccqiapua.s 			page 43


 2062              	.LASF0:
 2063 01e1 7369676E 		.ascii	"signed char\000"
 2063      65642063 
 2063      68617200 
 2064              	.LASF44:
 2065 01ed 474E5520 		.ascii	"GNU C11 5.4.1 20160609 (release) [ARM/embedded-5-br"
 2065      43313120 
 2065      352E342E 
 2065      31203230 
 2065      31363036 
 2066 0220 616E6368 		.ascii	"anch revision 237715] -mcpu=cortex-m3 -mthumb -g -O"
 2066      20726576 
 2066      6973696F 
 2066      6E203233 
 2066      37373135 
 2067 0253 67202D66 		.ascii	"g -ffunction-sections -ffat-lto-objects\000"
 2067      66756E63 
 2067      74696F6E 
 2067      2D736563 
 2067      74696F6E 
 2068              	.LASF10:
 2069 027b 696E7433 		.ascii	"int32_t\000"
 2069      325F7400 
 2070              	.LASF15:
 2071 0283 73697A65 		.ascii	"sizetype\000"
 2071      74797065 
 2071      00
 2072              	.LASF41:
 2073 028c 4C697175 		.ascii	"LiquidCrystal_I2C_init\000"
 2073      69644372 
 2073      79737461 
 2073      6C5F4932 
 2073      435F696E 
 2074              	.LASF45:
 2075 02a3 6D61696E 		.ascii	"main.c\000"
 2075      2E6300
 2076              	.LASF13:
 2077 02aa 63686172 		.ascii	"char\000"
 2077      00
 2078              	.LASF17:
 2079 02af 5475726E 		.ascii	"TurnLeft\000"
 2079      4C656674 
 2079      00
 2080              	.LASF27:
 2081 02b8 697A7175 		.ascii	"izquierdaPresionado\000"
 2081      69657264 
 2081      61507265 
 2081      73696F6E 
 2081      61646F00 
 2082              	.LASF38:
 2083 02cc 50574D5F 		.ascii	"PWM_Motores_Start\000"
 2083      4D6F746F 
 2083      7265735F 
 2083      53746172 
 2083      7400
 2084              	.LASF2:
 2085 02de 73686F72 		.ascii	"short int\000"
ARM GAS  C:\Users\Gabriel\AppData\Local\Temp\ccqiapua.s 			page 44


 2085      7420696E 
 2085      7400
 2086              	.LASF16:
 2087 02e8 5475726E 		.ascii	"TurnRight\000"
 2087      52696768 
 2087      7400
 2088              	.LASF4:
 2089 02f2 6C6F6E67 		.ascii	"long int\000"
 2089      20696E74 
 2089      00
 2090              	.LASF25:
 2091 02fb 61747261 		.ascii	"atrasPresionado\000"
 2091      73507265 
 2091      73696F6E 
 2091      61646F00 
 2092              	.LASF14:
 2093 030b 6C6F6E67 		.ascii	"long double\000"
 2093      20646F75 
 2093      626C6500 
 2094              	.LASF20:
 2095 0317 44657465 		.ascii	"Detener\000"
 2095      6E657200 
 2096              	.LASF28:
 2097 031f 55415254 		.ascii	"UART_GetChar\000"
 2097      5F476574 
 2097      43686172 
 2097      00
 2098              	.LASF24:
 2099 032c 5F426F6F 		.ascii	"_Bool\000"
 2099      6C00
 2100              		.ident	"GCC: (GNU Tools for ARM Embedded Processors) 5.4.1 20160609 (release) [ARM/embedded-5-bran
