--------------- Clean Started: 11/30/2023 11:08:27 Project: RobotBluetoth, Configuration: ARM GCC 5.4-2016-q2-update Debug ---------------
Deleting file ".\CortexM3\ARM_GCC_541\Debug\main.o"
Deleting file ".\CortexM3\ARM_GCC_541\Debug\LiquidCrystal_I2C.o"
Deleting file ".\CortexM3\ARM_GCC_541\Debug\cyfitter_cfg.o"
Deleting file ".\CortexM3\ARM_GCC_541\Debug\cymetadata.o"
Deleting file ".\CortexM3\ARM_GCC_541\Debug\Cm3Start.o"
Deleting file ".\CortexM3\ARM_GCC_541\Debug\CyBootAsmGnu.o"
Deleting file ".\CortexM3\ARM_GCC_541\Debug\CyDmac.o"
Deleting file ".\CortexM3\ARM_GCC_541\Debug\CyFlash.o"
Deleting file ".\CortexM3\ARM_GCC_541\Debug\CyLib.o"
Deleting file ".\CortexM3\ARM_GCC_541\Debug\cyPm.o"
Deleting file ".\CortexM3\ARM_GCC_541\Debug\CySpc.o"
Deleting file ".\CortexM3\ARM_GCC_541\Debug\cyutils.o"
Deleting file ".\CortexM3\ARM_GCC_541\Debug\cy_em_eeprom.o"
Deleting file ".\CortexM3\ARM_GCC_541\Debug\I2C.o"
Deleting file ".\CortexM3\ARM_GCC_541\Debug\I2C_BOOT.o"
Deleting file ".\CortexM3\ARM_GCC_541\Debug\I2C_INT.o"
Deleting file ".\CortexM3\ARM_GCC_541\Debug\I2C_PM.o"
Deleting file ".\CortexM3\ARM_GCC_541\Debug\I2C_SLAVE.o"
Deleting file ".\CortexM3\ARM_GCC_541\Debug\I2C_MASTER.o"
Deleting file ".\CortexM3\ARM_GCC_541\Debug\SDA.o"
Deleting file ".\CortexM3\ARM_GCC_541\Debug\SCL.o"
Deleting file ".\CortexM3\ARM_GCC_541\Debug\UART.o"
Deleting file ".\CortexM3\ARM_GCC_541\Debug\UART_PM.o"
Deleting file ".\CortexM3\ARM_GCC_541\Debug\UART_INT.o"
Deleting file ".\CortexM3\ARM_GCC_541\Debug\UART_BOOT.o"
Deleting file ".\CortexM3\ARM_GCC_541\Debug\RXisr.o"
Deleting file ".\CortexM3\ARM_GCC_541\Debug\UART_IntClock.o"
Deleting file ".\CortexM3\ARM_GCC_541\Debug\PWMisr.o"
Deleting file ".\CortexM3\ARM_GCC_541\Debug\Clock_1.o"
Deleting file ".\CortexM3\ARM_GCC_541\Debug\PWM_Motores.o"
Deleting file ".\CortexM3\ARM_GCC_541\Debug\PWM_Motores_PM.o"
Deleting file ".\CortexM3\ARM_GCC_541\Debug\MotorD.o"
Deleting file ".\CortexM3\ARM_GCC_541\Debug\MotorI.o"
Deleting file ".\CortexM3\ARM_GCC_541\Debug\M1_1.o"
Deleting file ".\CortexM3\ARM_GCC_541\Debug\M1_2.o"
Deleting file ".\CortexM3\ARM_GCC_541\Debug\M2_1.o"
Deleting file ".\CortexM3\ARM_GCC_541\Debug\M2_2.o"
Deleting file ".\CortexM3\ARM_GCC_541\Debug\RobotBluetoth.hex"
Deleting file ".\CortexM3\ARM_GCC_541\Debug\RobotBluetoth.elf"
Deleting file ".\CortexM3\ARM_GCC_541\Debug\RobotBluetoth.map"
Deleting file ".\RobotBluetoth.cycdx"
Deleting file ".\RobotBluetoth.svd"
Deleting file ".\RobotBluetoth.rpt"
Deleting file ".\RobotBluetoth_timing.html"
Deleting file ".\CortexM3\ARM_GCC_541\Debug\.deps\SOURCE_C__ARM_GCC_GENERIC.P"
Deleting file ".\CortexM3\ARM_GCC_541\Debug\.deps\SOURCE_ASM__ARM_GCC_GENERIC.P"
--------------- Clean Succeeded: 11/30/2023 11:08:27 ---------------
